# JRE version: Java(TM) SE Runtime Environment (8.0_45-b14) (build 1.8.0_45-b14)
# Java VM: Java HotSpot(TM) Client VM (25.45-b02 mixed mode, sharing windows-x86 )
Heap:
 def new generation   total 9984K, used 3715K [0x04800000, 0x052d0000, 0x09d50000)
  eden space 8896K,  40% used [0x04800000, 0x04b84700, 0x050b0000)
  from space 1088K,  10% used [0x051c0000, 0x051dc640, 0x052d0000)
  to   space 1088K,   0% used [0x050b0000, 0x050b0000, 0x051c0000)
 tenured generation   total 21984K, used 18814K [0x09d50000, 0x0b2c8000, 0x14800000)
   the space 21984K,  85% used [0x09d50000, 0x0afaf9a0, 0x0afafa00, 0x0b2c8000)
 Metaspace       used 1387K, capacity 2665K, committed 2752K, reserved 4480K
GC Heap History (10 events):
Event: 13.313 GC heap before
{Heap before GC invocations=12 (full 2):
 def new generation   total 9984K, used 9096K [0x04800000, 0x052d0000, 0x09d50000)
  eden space 8896K, 100% used [0x04800000, 0x050b0000, 0x050b0000)
  from space 1088K,  18% used [0x050b0000, 0x050e2268, 0x051c0000)
  to   space 1088K,   0% used [0x051c0000, 0x051c0000, 0x052d0000)
 tenured generation   total 21984K, used 18814K [0x09d50000, 0x0b2c8000, 0x14800000)
   the space 21984K,  85% used [0x09d50000, 0x0afaf9a0, 0x0afafa00, 0x0b2c8000)
 Metaspace       used 1387K, capacity 2665K, committed 2752K, reserved 4480K
Event: 13.314 GC heap after
Heap after GC invocations=13 (full 2):
 def new generation   total 9984K, used 182K [0x04800000, 0x052d0000, 0x09d50000)
  eden space 8896K,   0% used [0x04800000, 0x04800000, 0x050b0000)
  from space 1088K,  16% used [0x051c0000, 0x051ed948, 0x052d0000)
  to   space 1088K,   0% used [0x050b0000, 0x050b0000, 0x051c0000)
 tenured generation   total 21984K, used 18814K [0x09d50000, 0x0b2c8000, 0x14800000)
   the space 21984K,  85% used [0x09d50000, 0x0afaf9a0, 0x0afafa00, 0x0b2c8000)
 Metaspace       used 1387K, capacity 2665K, committed 2752K, reserved 4480K
}
Event: 14.286 GC heap before
{Heap before GC invocations=13 (full 2):
 def new generation   total 9984K, used 9078K [0x04800000, 0x052d0000, 0x09d50000)
  eden space 8896K, 100% used [0x04800000, 0x050b0000, 0x050b0000)
  from space 1088K,  16% used [0x051c0000, 0x051ed948, 0x052d0000)
  to   space 1088K,   0% used [0x050b0000, 0x050b0000, 0x051c0000)
 tenured generation   total 21984K, used 18814K [0x09d50000, 0x0b2c8000, 0x14800000)
   the space 21984K,  85% used [0x09d50000, 0x0afaf9a0, 0x0afafa00, 0x0b2c8000)
 Metaspace       used 1387K, capacity 2665K, committed 2752K, reserved 4480K
Event: 14.288 GC heap after
Heap after GC invocations=14 (full 2):
 def new generation   total 9984K, used 182K [0x04800000, 0x052d0000, 0x09d50000)
  eden space 8896K,   0% used [0x04800000, 0x04800000, 0x050b0000)
  from space 1088K,  16% used [0x050b0000, 0x050dd8a8, 0x051c0000)
  to   space 1088K,   0% used [0x051c0000, 0x051c0000, 0x052d0000)
 tenured generation   total 21984K, used 18814K [0x09d50000, 0x0b2c8000, 0x14800000)
   the space 21984K,  85% used [0x09d50000, 0x0afaf9a0, 0x0afafa00, 0x0b2c8000)
 Metaspace       used 1387K, capacity 2665K, committed 2752K, reserved 4480K
}
Event: 15.308 GC heap before
{Heap before GC invocations=14 (full 2):
 def new generation   total 9984K, used 9078K [0x04800000, 0x052d0000, 0x09d50000)
  eden space 8896K, 100% used [0x04800000, 0x050b0000, 0x050b0000)
  from space 1088K,  16% used [0x050b0000, 0x050dd8a8, 0x051c0000)
  to   space 1088K,   0% used [0x051c0000, 0x051c0000, 0x052d0000)
 tenured generation   total 21984K, used 18814K [0x09d50000, 0x0b2c8000, 0x14800000)
   the space 21984K,  85% used [0x09d50000, 0x0afaf9a0, 0x0afafa00, 0x0b2c8000)
 Metaspace       used 1387K, capacity 2665K, committed 2752K, reserved 4480K
Event: 15.309 GC heap after
Heap after GC invocations=15 (full 2):
 def new generation   total 9984K, used 182K [0x04800000, 0x052d0000, 0x09d50000)
  eden space 8896K,   0% used [0x04800000, 0x04800000, 0x050b0000)
  from space 1088K,  16% used [0x051c0000, 0x051ed8f0, 0x052d0000)
  to   space 1088K,   0% used [0x050b0000, 0x050b0000, 0x051c0000)
 tenured generation   total 21984K, used 18814K [0x09d50000, 0x0b2c8000, 0x14800000)
   the space 21984K,  85% used [0x09d50000, 0x0afaf9a0, 0x0afafa00, 0x0b2c8000)
 Metaspace       used 1387K, capacity 2665K, committed 2752K, reserved 4480K
}
Event: 15.804 GC heap before
{Heap before GC invocations=15 (full 2):
 def new generation   total 9984K, used 9078K [0x04800000, 0x052d0000, 0x09d50000)
  eden space 8896K, 100% used [0x04800000, 0x050b0000, 0x050b0000)
  from space 1088K,  16% used [0x051c0000, 0x051ed8f0, 0x052d0000)
  to   space 1088K,   0% used [0x050b0000, 0x050b0000, 0x051c0000)
 tenured generation   total 21984K, used 18814K [0x09d50000, 0x0b2c8000, 0x14800000)
   the space 21984K,  85% used [0x09d50000, 0x0afaf9a0, 0x0afafa00, 0x0b2c8000)
 Metaspace       used 1387K, capacity 2665K, committed 2752K, reserved 4480K
Event: 15.805 GC heap after
Heap after GC invocations=16 (full 2):
 def new generation   total 9984K, used 114K [0x04800000, 0x052d0000, 0x09d50000)
  eden space 8896K,   0% used [0x04800000, 0x04800000, 0x050b0000)
  from space 1088K,  10% used [0x050b0000, 0x050cca48, 0x051c0000)
  to   space 1088K,   0% used [0x051c0000, 0x051c0000, 0x052d0000)
 tenured generation   total 21984K, used 18814K [0x09d50000, 0x0b2c8000, 0x14800000)
   the space 21984K,  85% used [0x09d50000, 0x0afaf9a0, 0x0afafa00, 0x0b2c8000)
 Metaspace       used 1387K, capacity 2665K, committed 2752K, reserved 4480K
}
Event: 16.289 GC heap before
{Heap before GC invocations=16 (full 2):
 def new generation   total 9984K, used 9010K [0x04800000, 0x052d0000, 0x09d50000)
  eden space 8896K, 100% used [0x04800000, 0x050b0000, 0x050b0000)
  from space 1088K,  10% used [0x050b0000, 0x050cca48, 0x051c0000)
  to   space 1088K,   0% used [0x051c0000, 0x051c0000, 0x052d0000)
 tenured generation   total 21984K, used 18814K [0x09d50000, 0x0b2c8000, 0x14800000)
   the space 21984K,  85% used [0x09d50000, 0x0afaf9a0, 0x0afafa00, 0x0b2c8000)
 Metaspace       used 1387K, capacity 2665K, committed 2752K, reserved 4480K
Event: 16.290 GC heap after
Heap after GC invocations=17 (full 2):
 def new generation   total 9984K, used 113K [0x04800000, 0x052d0000, 0x09d50000)
  eden space 8896K,   0% used [0x04800000, 0x04800000, 0x050b0000)
  from space 1088K,  10% used [0x051c0000, 0x051dc640, 0x052d0000)
  to   space 1088K,   0% used [0x050b0000, 0x050b0000, 0x051c0000)
 tenured generation   total 21984K, used 18814K [0x09d50000, 0x0b2c8000, 0x14800000)
   the space 21984K,  85% used [0x09d50000, 0x0afaf9a0, 0x0afafa00, 0x0b2c8000)
 Metaspace       used 1387K, capacity 2665K, committed 2752K, reserved 4480K
}

