# JRE version: Java(TM) SE Runtime Environment (8.0_45-b14) (build 1.8.0_45-b14)
# Java VM: Java HotSpot(TM) Client VM (25.45-b02 mixed mode windows-x86 )
Heap:
 def new generation   total 18496K, used 14122K [0x05000000, 0x06410000, 0x0a550000)
  eden space 16448K,  77% used [0x05000000, 0x05c61d30, 0x06010000)
  from space 2048K,  70% used [0x06210000, 0x06378c00, 0x06410000)
  to   space 2048K,   0% used [0x06010000, 0x06010000, 0x06210000)
 tenured generation   total 41040K, used 30247K [0x0a550000, 0x0cd64000, 0x15000000)
   the space 41040K,  73% used [0x0a550000, 0x0c2d9e30, 0x0c2da000, 0x0cd64000)
 Metaspace       used 7180K, capacity 7413K, committed 7552K, reserved 7552K
GC Heap History (10 events):
Event: 8.047 GC heap before
{Heap before GC invocations=8 (full 2):
 def new generation   total 10112K, used 9093K [0x05000000, 0x05af0000, 0x0a550000)
  eden space 9024K, 100% used [0x05000000, 0x058d0000, 0x058d0000)
  from space 1088K,   6% used [0x058d0000, 0x058e1498, 0x059e0000)
  to   space 1088K,   0% used [0x059e0000, 0x059e0000, 0x05af0000)
 tenured generation   total 22248K, used 18972K [0x0a550000, 0x0bb0a000, 0x15000000)
   the space 22248K,  85% used [0x0a550000, 0x0b7d73d8, 0x0b7d7400, 0x0bb0a000)
 Metaspace       used 6478K, capacity 6670K, committed 6784K, reserved 7552K
Event: 8.049 GC heap after
Heap after GC invocations=9 (full 2):
 def new generation   total 10112K, used 167K [0x05000000, 0x05af0000, 0x0a550000)
  eden space 9024K,   0% used [0x05000000, 0x05000000, 0x058d0000)
  from space 1088K,  15% used [0x059e0000, 0x05a09ec8, 0x05af0000)
  to   space 1088K,   0% used [0x058d0000, 0x058d0000, 0x059e0000)
 tenured generation   total 22248K, used 18972K [0x0a550000, 0x0bb0a000, 0x15000000)
   the space 22248K,  85% used [0x0a550000, 0x0b7d73d8, 0x0b7d7400, 0x0bb0a000)
 Metaspace       used 6478K, capacity 6670K, committed 6784K, reserved 7552K
}
Event: 8.086 GC heap before
{Heap before GC invocations=9 (full 2):
 def new generation   total 10112K, used 9191K [0x05000000, 0x05af0000, 0x0a550000)
  eden space 9024K, 100% used [0x05000000, 0x058d0000, 0x058d0000)
  from space 1088K,  15% used [0x059e0000, 0x05a09ec8, 0x05af0000)
  to   space 1088K,   0% used [0x058d0000, 0x058d0000, 0x059e0000)
 tenured generation   total 22248K, used 18972K [0x0a550000, 0x0bb0a000, 0x15000000)
   the space 22248K,  85% used [0x0a550000, 0x0b7d73d8, 0x0b7d7400, 0x0bb0a000)
 Metaspace       used 6478K, capacity 6670K, committed 6784K, reserved 7552K
Event: 8.098 GC heap after
Heap after GC invocations=10 (full 3):
 def new generation   total 18496K, used 0K [0x05000000, 0x06410000, 0x0a550000)
  eden space 16448K,   0% used [0x05000000, 0x05000000, 0x06010000)
  from space 2048K,   0% used [0x06010000, 0x06010000, 0x06210000)
  to   space 2048K,   0% used [0x06210000, 0x06210000, 0x06410000)
 tenured generation   total 41040K, used 24622K [0x0a550000, 0x0cd64000, 0x15000000)
   the space 41040K,  59% used [0x0a550000, 0x0bd5ba20, 0x0bd5bc00, 0x0cd64000)
 Metaspace       used 6478K, capacity 6670K, committed 6784K, reserved 7552K
}
Event: 9.436 GC heap before
{Heap before GC invocations=10 (full 3):
 def new generation   total 18496K, used 16448K [0x05000000, 0x06410000, 0x0a550000)
  eden space 16448K, 100% used [0x05000000, 0x06010000, 0x06010000)
  from space 2048K,   0% used [0x06010000, 0x06010000, 0x06210000)
  to   space 2048K,   0% used [0x06210000, 0x06210000, 0x06410000)
 tenured generation   total 41040K, used 24622K [0x0a550000, 0x0cd64000, 0x15000000)
   the space 41040K,  59% used [0x0a550000, 0x0bd5ba20, 0x0bd5bc00, 0x0cd64000)
 Metaspace       used 6478K, capacity 6670K, committed 6784K, reserved 7552K
Event: 9.438 GC heap after
Heap after GC invocations=11 (full 3):
 def new generation   total 18496K, used 219K [0x05000000, 0x06410000, 0x0a550000)
  eden space 16448K,   0% used [0x05000000, 0x05000000, 0x06010000)
  from space 2048K,  10% used [0x06210000, 0x06246ec8, 0x06410000)
  to   space 2048K,   0% used [0x06010000, 0x06010000, 0x06210000)
 tenured generation   total 41040K, used 24622K [0x0a550000, 0x0cd64000, 0x15000000)
   the space 41040K,  59% used [0x0a550000, 0x0bd5ba20, 0x0bd5bc00, 0x0cd64000)
 Metaspace       used 6478K, capacity 6670K, committed 6784K, reserved 7552K
}
Event: 9.947 GC heap before
{Heap before GC invocations=11 (full 3):
 def new generation   total 18496K, used 16667K [0x05000000, 0x06410000, 0x0a550000)
  eden space 16448K, 100% used [0x05000000, 0x06010000, 0x06010000)
  from space 2048K,  10% used [0x06210000, 0x06246ec8, 0x06410000)
  to   space 2048K,   0% used [0x06010000, 0x06010000, 0x06210000)
 tenured generation   total 41040K, used 24622K [0x0a550000, 0x0cd64000, 0x15000000)
   the space 41040K,  59% used [0x0a550000, 0x0bd5ba20, 0x0bd5bc00, 0x0cd64000)
 Metaspace       used 6478K, capacity 6670K, committed 6784K, reserved 7552K
Event: 9.952 GC heap after
Heap after GC invocations=12 (full 3):
 def new generation   total 18496K, used 88K [0x05000000, 0x06410000, 0x0a550000)
  eden space 16448K,   0% used [0x05000000, 0x05000000, 0x06010000)
  from space 2048K,   4% used [0x06010000, 0x060261d8, 0x06210000)
  to   space 2048K,   0% used [0x06210000, 0x06210000, 0x06410000)
 tenured generation   total 41040K, used 30247K [0x0a550000, 0x0cd64000, 0x15000000)
   the space 41040K,  73% used [0x0a550000, 0x0c2d9e30, 0x0c2da000, 0x0cd64000)
 Metaspace       used 6478K, capacity 6670K, committed 6784K, reserved 7552K
}
Event: 11.360 GC heap before
{Heap before GC invocations=12 (full 3):
 def new generation   total 18496K, used 16536K [0x05000000, 0x06410000, 0x0a550000)
  eden space 16448K, 100% used [0x05000000, 0x06010000, 0x06010000)
  from space 2048K,   4% used [0x06010000, 0x060261d8, 0x06210000)
  to   space 2048K,   0% used [0x06210000, 0x06210000, 0x06410000)
 tenured generation   total 41040K, used 30247K [0x0a550000, 0x0cd64000, 0x15000000)
   the space 41040K,  73% used [0x0a550000, 0x0c2d9e30, 0x0c2da000, 0x0cd64000)
 Metaspace       used 7167K, capacity 7413K, committed 7552K, reserved 7552K
Event: 11.365 GC heap after
Heap after GC invocations=13 (full 3):
 def new generation   total 18496K, used 1443K [0x05000000, 0x06410000, 0x0a550000)
  eden space 16448K,   0% used [0x05000000, 0x05000000, 0x06010000)
  from space 2048K,  70% used [0x06210000, 0x06378c00, 0x06410000)
  to   space 2048K,   0% used [0x06010000, 0x06010000, 0x06210000)
 tenured generation   total 41040K, used 30247K [0x0a550000, 0x0cd64000, 0x15000000)
   the space 41040K,  73% used [0x0a550000, 0x0c2d9e30, 0x0c2da000, 0x0cd64000)
 Metaspace       used 7167K, capacity 7413K, committed 7552K, reserved 7552K
}

