# JRE version: Java(TM) SE Runtime Environment (8.0_45-b14) (build 1.8.0_45-b14)
# Java VM: Java HotSpot(TM) Client VM (25.45-b02 mixed mode, sharing windows-x86 )
Heap:
 def new generation   total 18432K, used 4923K [0x04800000, 0x05bf0000, 0x09d50000)
  eden space 16448K,  29% used [0x04800000, 0x04ccec08, 0x05810000)
  from space 1984K,   0% used [0x05810000, 0x05810000, 0x05a00000)
  to   space 1984K,   0% used [0x05a00000, 0x05a00000, 0x05bf0000)
 tenured generation   total 40752K, used 24450K [0x09d50000, 0x0c51c000, 0x14800000)
   the space 40752K,  59% used [0x09d50000, 0x0b530b80, 0x0b530c00, 0x0c51c000)
 Metaspace       used 1388K, capacity 2667K, committed 2752K, reserved 4480K
GC Heap History (10 events):
Event: 2.871 GC heap before
{Heap before GC invocations=5 (full 2):
 def new generation   total 9920K, used 8832K [0x04800000, 0x052c0000, 0x09d50000)
  eden space 8832K, 100% used [0x04800000, 0x050a0000, 0x050a0000)
  from space 1088K,   0% used [0x051b0000, 0x051b01c8, 0x052c0000)
  to   space 1088K,   0% used [0x050a0000, 0x050a0000, 0x051b0000)
 tenured generation   total 21900K, used 18764K [0x09d50000, 0x0b2b3000, 0x14800000)
   the space 21900K,  85% used [0x09d50000, 0x0afa3078, 0x0afa3200, 0x0b2b3000)
 Metaspace       used 1355K, capacity 2628K, committed 2752K, reserved 4480K
Event: 2.872 GC heap after
Heap after GC invocations=6 (full 2):
 def new generation   total 9920K, used 217K [0x04800000, 0x052c0000, 0x09d50000)
  eden space 8832K,   0% used [0x04800000, 0x04800000, 0x050a0000)
  from space 1088K,  19% used [0x050a0000, 0x050d6400, 0x051b0000)
  to   space 1088K,   0% used [0x051b0000, 0x051b0000, 0x052c0000)
 tenured generation   total 21900K, used 18764K [0x09d50000, 0x0b2b3000, 0x14800000)
   the space 21900K,  85% used [0x09d50000, 0x0afa3078, 0x0afa3200, 0x0b2b3000)
 Metaspace       used 1355K, capacity 2628K, committed 2752K, reserved 4480K
}
Event: 4.842 GC heap before
{Heap before GC invocations=6 (full 2):
 def new generation   total 9920K, used 9049K [0x04800000, 0x052c0000, 0x09d50000)
  eden space 8832K, 100% used [0x04800000, 0x050a0000, 0x050a0000)
  from space 1088K,  19% used [0x050a0000, 0x050d6400, 0x051b0000)
  to   space 1088K,   0% used [0x051b0000, 0x051b0000, 0x052c0000)
 tenured generation   total 21900K, used 18764K [0x09d50000, 0x0b2b3000, 0x14800000)
   the space 21900K,  85% used [0x09d50000, 0x0afa3078, 0x0afa3200, 0x0b2b3000)
 Metaspace       used 1384K, capacity 2665K, committed 2752K, reserved 4480K
Event: 4.843 GC heap after
Heap after GC invocations=7 (full 2):
 def new generation   total 9920K, used 342K [0x04800000, 0x052c0000, 0x09d50000)
  eden space 8832K,   0% used [0x04800000, 0x04800000, 0x050a0000)
  from space 1088K,  31% used [0x051b0000, 0x05205af8, 0x052c0000)
  to   space 1088K,   0% used [0x050a0000, 0x050a0000, 0x051b0000)
 tenured generation   total 21900K, used 18764K [0x09d50000, 0x0b2b3000, 0x14800000)
   the space 21900K,  85% used [0x09d50000, 0x0afa3078, 0x0afa3200, 0x0b2b3000)
 Metaspace       used 1384K, capacity 2665K, committed 2752K, reserved 4480K
}
Event: 6.277 GC heap before
{Heap before GC invocations=7 (full 2):
 def new generation   total 9920K, used 9174K [0x04800000, 0x052c0000, 0x09d50000)
  eden space 8832K, 100% used [0x04800000, 0x050a0000, 0x050a0000)
  from space 1088K,  31% used [0x051b0000, 0x05205af8, 0x052c0000)
  to   space 1088K,   0% used [0x050a0000, 0x050a0000, 0x051b0000)
 tenured generation   total 21900K, used 18764K [0x09d50000, 0x0b2b3000, 0x14800000)
   the space 21900K,  85% used [0x09d50000, 0x0afa3078, 0x0afa3200, 0x0b2b3000)
 Metaspace       used 1388K, capacity 2667K, committed 2752K, reserved 4480K
Event: 6.278 GC heap after
Heap after GC invocations=8 (full 2):
 def new generation   total 9920K, used 90K [0x04800000, 0x052c0000, 0x09d50000)
  eden space 8832K,   0% used [0x04800000, 0x04800000, 0x050a0000)
  from space 1088K,   8% used [0x050a0000, 0x050b6a28, 0x051b0000)
  to   space 1088K,   0% used [0x051b0000, 0x051b0000, 0x052c0000)
 tenured generation   total 21900K, used 18764K [0x09d50000, 0x0b2b3000, 0x14800000)
   the space 21900K,  85% used [0x09d50000, 0x0afa3078, 0x0afa3200, 0x0b2b3000)
 Metaspace       used 1388K, capacity 2667K, committed 2752K, reserved 4480K
}
Event: 7.910 GC heap before
{Heap before GC invocations=8 (full 2):
 def new generation   total 9920K, used 7277K [0x04800000, 0x052c0000, 0x09d50000)
  eden space 8832K,  81% used [0x04800000, 0x04f04bb8, 0x050a0000)
  from space 1088K,   8% used [0x050a0000, 0x050b6a28, 0x051b0000)
  to   space 1088K,   0% used [0x051b0000, 0x051b0000, 0x052c0000)
 tenured generation   total 21900K, used 18764K [0x09d50000, 0x0b2b3000, 0x14800000)
   the space 21900K,  85% used [0x09d50000, 0x0afa3078, 0x0afa3200, 0x0b2b3000)
 Metaspace       used 1388K, capacity 2667K, committed 2752K, reserved 4480K
Event: 7.912 GC heap after
Heap after GC invocations=9 (full 2):
 def new generation   total 9920K, used 212K [0x04800000, 0x052c0000, 0x09d50000)
  eden space 8832K,   0% used [0x04800000, 0x04800000, 0x050a0000)
  from space 1088K,  19% used [0x051b0000, 0x051e51a8, 0x052c0000)
  to   space 1088K,   0% used [0x050a0000, 0x050a0000, 0x051b0000)
 tenured generation   total 21900K, used 18764K [0x09d50000, 0x0b2b3000, 0x14800000)
   the space 21900K,  85% used [0x09d50000, 0x0afa3078, 0x0afa3200, 0x0b2b3000)
 Metaspace       used 1388K, capacity 2667K, committed 2752K, reserved 4480K
}
Event: 7.935 GC heap before
{Heap before GC invocations=9 (full 2):
 def new generation   total 9920K, used 9040K [0x04800000, 0x052c0000, 0x09d50000)
  eden space 8832K,  99% used [0x04800000, 0x0509f040, 0x050a0000)
  from space 1088K,  19% used [0x051b0000, 0x051e51a8, 0x052c0000)
  to   space 1088K,   0% used [0x050a0000, 0x050a0000, 0x051b0000)
 tenured generation   total 21900K, used 18764K [0x09d50000, 0x0b2b3000, 0x14800000)
   the space 21900K,  85% used [0x09d50000, 0x0afa3078, 0x0afa3200, 0x0b2b3000)
 Metaspace       used 1388K, capacity 2667K, committed 2752K, reserved 4480K
Event: 7.948 GC heap after
Heap after GC invocations=10 (full 3):
 def new generation   total 18432K, used 0K [0x04800000, 0x05bf0000, 0x09d50000)
  eden space 16448K,   0% used [0x04800000, 0x04800000, 0x05810000)
  from space 1984K,   0% used [0x05810000, 0x05810000, 0x05a00000)
  to   space 1984K,   0% used [0x05a00000, 0x05a00000, 0x05bf0000)
 tenured generation   total 40752K, used 24450K [0x09d50000, 0x0c51c000, 0x14800000)
   the space 40752K,  59% used [0x09d50000, 0x0b530b80, 0x0b530c00, 0x0c51c000)
 Metaspace       used 1388K, capacity 2667K, committed 2752K, reserved 4480K
}

