# JRE version: Java(TM) SE Runtime Environment (8.0_45-b14) (build 1.8.0_45-b14)
# Java VM: Java HotSpot(TM) Client VM (25.45-b02 mixed mode windows-x86 )
Heap:
 def new generation   total 18432K, used 6452K [0x05200000, 0x065f0000, 0x0a750000)
  eden space 16448K,  39% used [0x05200000, 0x0584d028, 0x06210000)
  from space 1984K,   0% used [0x06210000, 0x06210000, 0x06400000)
  to   space 1984K,   0% used [0x06400000, 0x06400000, 0x065f0000)
 tenured generation   total 40716K, used 24427K [0x0a750000, 0x0cf13000, 0x15200000)
   the space 40716K,  59% used [0x0a750000, 0x0bf2ae98, 0x0bf2b000, 0x0cf13000)
 Metaspace       used 7175K, capacity 7403K, committed 7552K, reserved 7552K
GC Heap History (10 events):
Event: 6.688 GC heap before
{Heap before GC invocations=7 (full 2):
 def new generation   total 9920K, used 9166K [0x05200000, 0x05cc0000, 0x0a750000)
  eden space 8832K, 100% used [0x05200000, 0x05aa0000, 0x05aa0000)
  from space 1088K,  30% used [0x05bb0000, 0x05c03bc0, 0x05cc0000)
  to   space 1088K,   0% used [0x05aa0000, 0x05aa0000, 0x05bb0000)
 tenured generation   total 21912K, used 18769K [0x0a750000, 0x0bcb6000, 0x15200000)
   the space 21912K,  85% used [0x0a750000, 0x0b9a4768, 0x0b9a4800, 0x0bcb6000)
 Metaspace       used 6496K, capacity 6673K, committed 6784K, reserved 7552K
Event: 6.690 GC heap after
Heap after GC invocations=8 (full 2):
 def new generation   total 9920K, used 254K [0x05200000, 0x05cc0000, 0x0a750000)
  eden space 8832K,   0% used [0x05200000, 0x05200000, 0x05aa0000)
  from space 1088K,  23% used [0x05aa0000, 0x05adf978, 0x05bb0000)
  to   space 1088K,   0% used [0x05bb0000, 0x05bb0000, 0x05cc0000)
 tenured generation   total 21912K, used 18769K [0x0a750000, 0x0bcb6000, 0x15200000)
   the space 21912K,  85% used [0x0a750000, 0x0b9a4768, 0x0b9a4800, 0x0bcb6000)
 Metaspace       used 6496K, capacity 6673K, committed 6784K, reserved 7552K
}
Event: 8.062 GC heap before
{Heap before GC invocations=8 (full 2):
 def new generation   total 9920K, used 9086K [0x05200000, 0x05cc0000, 0x0a750000)
  eden space 8832K, 100% used [0x05200000, 0x05aa0000, 0x05aa0000)
  from space 1088K,  23% used [0x05aa0000, 0x05adf978, 0x05bb0000)
  to   space 1088K,   0% used [0x05bb0000, 0x05bb0000, 0x05cc0000)
 tenured generation   total 21912K, used 18769K [0x0a750000, 0x0bcb6000, 0x15200000)
   the space 21912K,  85% used [0x0a750000, 0x0b9a4768, 0x0b9a4800, 0x0bcb6000)
 Metaspace       used 6496K, capacity 6673K, committed 6784K, reserved 7552K
Event: 8.064 GC heap after
Heap after GC invocations=9 (full 2):
 def new generation   total 9920K, used 257K [0x05200000, 0x05cc0000, 0x0a750000)
  eden space 8832K,   0% used [0x05200000, 0x05200000, 0x05aa0000)
  from space 1088K,  23% used [0x05bb0000, 0x05bf07d8, 0x05cc0000)
  to   space 1088K,   0% used [0x05aa0000, 0x05aa0000, 0x05bb0000)
 tenured generation   total 21912K, used 18769K [0x0a750000, 0x0bcb6000, 0x15200000)
   the space 21912K,  85% used [0x0a750000, 0x0b9a4768, 0x0b9a4800, 0x0bcb6000)
 Metaspace       used 6496K, capacity 6673K, committed 6784K, reserved 7552K
}
Event: 9.354 GC heap before
{Heap before GC invocations=9 (full 2):
 def new generation   total 9920K, used 9089K [0x05200000, 0x05cc0000, 0x0a750000)
  eden space 8832K, 100% used [0x05200000, 0x05aa0000, 0x05aa0000)
  from space 1088K,  23% used [0x05bb0000, 0x05bf07d8, 0x05cc0000)
  to   space 1088K,   0% used [0x05aa0000, 0x05aa0000, 0x05bb0000)
 tenured generation   total 21912K, used 18769K [0x0a750000, 0x0bcb6000, 0x15200000)
   the space 21912K,  85% used [0x0a750000, 0x0b9a4768, 0x0b9a4800, 0x0bcb6000)
 Metaspace       used 6497K, capacity 6673K, committed 6784K, reserved 7552K
Event: 9.356 GC heap after
Heap after GC invocations=10 (full 2):
 def new generation   total 9920K, used 277K [0x05200000, 0x05cc0000, 0x0a750000)
  eden space 8832K,   0% used [0x05200000, 0x05200000, 0x05aa0000)
  from space 1088K,  25% used [0x05aa0000, 0x05ae56f8, 0x05bb0000)
  to   space 1088K,   0% used [0x05bb0000, 0x05bb0000, 0x05cc0000)
 tenured generation   total 21912K, used 18769K [0x0a750000, 0x0bcb6000, 0x15200000)
   the space 21912K,  85% used [0x0a750000, 0x0b9a4768, 0x0b9a4800, 0x0bcb6000)
 Metaspace       used 6497K, capacity 6673K, committed 6784K, reserved 7552K
}
Event: 10.008 GC heap before
{Heap before GC invocations=10 (full 2):
 def new generation   total 9920K, used 6660K [0x05200000, 0x05cc0000, 0x0a750000)
  eden space 8832K,  72% used [0x05200000, 0x0583ba00, 0x05aa0000)
  from space 1088K,  25% used [0x05aa0000, 0x05ae56f8, 0x05bb0000)
  to   space 1088K,   0% used [0x05bb0000, 0x05bb0000, 0x05cc0000)
 tenured generation   total 21912K, used 18769K [0x0a750000, 0x0bcb6000, 0x15200000)
   the space 21912K,  85% used [0x0a750000, 0x0b9a4768, 0x0b9a4800, 0x0bcb6000)
 Metaspace       used 6497K, capacity 6673K, committed 6784K, reserved 7552K
Event: 10.010 GC heap after
Heap after GC invocations=11 (full 2):
 def new generation   total 9920K, used 148K [0x05200000, 0x05cc0000, 0x0a750000)
  eden space 8832K,   0% used [0x05200000, 0x05200000, 0x05aa0000)
  from space 1088K,  13% used [0x05bb0000, 0x05bd5018, 0x05cc0000)
  to   space 1088K,   0% used [0x05aa0000, 0x05aa0000, 0x05bb0000)
 tenured generation   total 21912K, used 18769K [0x0a750000, 0x0bcb6000, 0x15200000)
   the space 21912K,  85% used [0x0a750000, 0x0b9a4768, 0x0b9a4800, 0x0bcb6000)
 Metaspace       used 6497K, capacity 6673K, committed 6784K, reserved 7552K
}
Event: 10.031 GC heap before
{Heap before GC invocations=11 (full 2):
 def new generation   total 9920K, used 8980K [0x05200000, 0x05cc0000, 0x0a750000)
  eden space 8832K, 100% used [0x05200000, 0x05aa0000, 0x05aa0000)
  from space 1088K,  13% used [0x05bb0000, 0x05bd5018, 0x05cc0000)
  to   space 1088K,   0% used [0x05aa0000, 0x05aa0000, 0x05bb0000)
 tenured generation   total 21912K, used 18769K [0x0a750000, 0x0bcb6000, 0x15200000)
   the space 21912K,  85% used [0x0a750000, 0x0b9a4768, 0x0b9a4800, 0x0bcb6000)
 Metaspace       used 6497K, capacity 6673K, committed 6784K, reserved 7552K
Event: 10.043 GC heap after
Heap after GC invocations=12 (full 3):
 def new generation   total 18432K, used 0K [0x05200000, 0x065f0000, 0x0a750000)
  eden space 16448K,   0% used [0x05200000, 0x05200000, 0x06210000)
  from space 1984K,   0% used [0x06210000, 0x06210000, 0x06400000)
  to   space 1984K,   0% used [0x06400000, 0x06400000, 0x065f0000)
 tenured generation   total 40716K, used 24427K [0x0a750000, 0x0cf13000, 0x15200000)
   the space 40716K,  59% used [0x0a750000, 0x0bf2ae98, 0x0bf2b000, 0x0cf13000)
 Metaspace       used 6493K, capacity 6660K, committed 6784K, reserved 7552K
}

