# JRE version: Java(TM) SE Runtime Environment (8.0_45-b14) (build 1.8.0_45-b14)
# Java VM: Java HotSpot(TM) Client VM (25.45-b02 mixed mode windows-x86 )
Heap:
 def new generation   total 9984K, used 4243K [0x04a00000, 0x054d0000, 0x09f50000)
  eden space 8896K,  35% used [0x04a00000, 0x04d14f98, 0x052b0000)
  from space 1088K, 100% used [0x052b0000, 0x053c0000, 0x053c0000)
  to   space 1088K,   0% used [0x053c0000, 0x053c0000, 0x054d0000)
 tenured generation   total 27628K, used 25476K [0x09f50000, 0x0ba4b000, 0x14a00000)
   the space 27628K,  92% used [0x09f50000, 0x0b831108, 0x0b831200, 0x0ba4b000)
 Metaspace       used 7212K, capacity 7445K, committed 7552K, reserved 7552K
GC Heap History (10 events):
Event: 4.962 GC heap before
{Heap before GC invocations=5 (full 1):
 def new generation   total 5760K, used 2885K [0x04a00000, 0x05030000, 0x09f50000)
  eden space 5184K,  48% used [0x04a00000, 0x04c6f3f0, 0x04f10000)
  from space 576K,  68% used [0x04f10000, 0x04f72010, 0x04fa0000)
  to   space 576K,   0% used [0x04fa0000, 0x04fa0000, 0x05030000)
 tenured generation   total 17892K, used 12864K [0x09f50000, 0x0b0c9000, 0x14a00000)
   the space 17892K,  71% used [0x09f50000, 0x0abe0150, 0x0abe0200, 0x0b0c9000)
 Metaspace       used 6474K, capacity 6665K, committed 6784K, reserved 7552K
Event: 4.975 GC heap after
Heap after GC invocations=6 (full 2):
 def new generation   total 9984K, used 0K [0x04a00000, 0x054d0000, 0x09f50000)
  eden space 8896K,   0% used [0x04a00000, 0x04a00000, 0x052b0000)
  from space 1088K,   0% used [0x052b0000, 0x052b0000, 0x053c0000)
  to   space 1088K,   0% used [0x053c0000, 0x053c0000, 0x054d0000)
 tenured generation   total 22000K, used 13199K [0x09f50000, 0x0b4cc000, 0x14a00000)
   the space 22000K,  59% used [0x09f50000, 0x0ac33e10, 0x0ac34000, 0x0b4cc000)
 Metaspace       used 6474K, capacity 6665K, committed 6784K, reserved 7552K
}
Event: 5.001 GC heap before
{Heap before GC invocations=6 (full 2):
 def new generation   total 9984K, used 8889K [0x04a00000, 0x054d0000, 0x09f50000)
  eden space 8896K,  99% used [0x04a00000, 0x052ae7f0, 0x052b0000)
  from space 1088K,   0% used [0x052b0000, 0x052b0000, 0x053c0000)
  to   space 1088K,   0% used [0x053c0000, 0x053c0000, 0x054d0000)
 tenured generation   total 22000K, used 13199K [0x09f50000, 0x0b4cc000, 0x14a00000)
   the space 22000K,  59% used [0x09f50000, 0x0ac33e10, 0x0ac34000, 0x0b4cc000)
 Metaspace       used 6474K, capacity 6665K, committed 6784K, reserved 7552K
Event: 5.004 GC heap after
Heap after GC invocations=7 (full 2):
 def new generation   total 9984K, used 0K [0x04a00000, 0x054d0000, 0x09f50000)
  eden space 8896K,   0% used [0x04a00000, 0x04a00000, 0x052b0000)
  from space 1088K,   0% used [0x053c0000, 0x053c0188, 0x054d0000)
  to   space 1088K,   0% used [0x052b0000, 0x052b0000, 0x053c0000)
 tenured generation   total 22000K, used 18824K [0x09f50000, 0x0b4cc000, 0x14a00000)
   the space 22000K,  85% used [0x09f50000, 0x0b1b2220, 0x0b1b2400, 0x0b4cc000)
 Metaspace       used 6474K, capacity 6665K, committed 6784K, reserved 7552K
}
Event: 5.402 GC heap before
{Heap before GC invocations=7 (full 2):
 def new generation   total 9984K, used 4889K [0x04a00000, 0x054d0000, 0x09f50000)
  eden space 8896K,  54% used [0x04a00000, 0x04ec6488, 0x052b0000)
  from space 1088K,   0% used [0x053c0000, 0x053c0188, 0x054d0000)
  to   space 1088K,   0% used [0x052b0000, 0x052b0000, 0x053c0000)
 tenured generation   total 27628K, used 24449K [0x09f50000, 0x0ba4b000, 0x14a00000)
   the space 27628K,  88% used [0x09f50000, 0x0b730630, 0x0b730800, 0x0ba4b000)
 Metaspace       used 7174K, capacity 7413K, committed 7552K, reserved 7552K
Event: 5.404 GC heap after
Heap after GC invocations=8 (full 2):
 def new generation   total 9984K, used 491K [0x04a00000, 0x054d0000, 0x09f50000)
  eden space 8896K,   0% used [0x04a00000, 0x04a00000, 0x052b0000)
  from space 1088K,  45% used [0x052b0000, 0x0532ad80, 0x053c0000)
  to   space 1088K,   0% used [0x053c0000, 0x053c0000, 0x054d0000)
 tenured generation   total 27628K, used 24449K [0x09f50000, 0x0ba4b000, 0x14a00000)
   the space 27628K,  88% used [0x09f50000, 0x0b730630, 0x0b730800, 0x0ba4b000)
 Metaspace       used 7174K, capacity 7413K, committed 7552K, reserved 7552K
}
Event: 5.593 GC heap before
{Heap before GC invocations=8 (full 2):
 def new generation   total 9984K, used 9387K [0x04a00000, 0x054d0000, 0x09f50000)
  eden space 8896K, 100% used [0x04a00000, 0x052b0000, 0x052b0000)
  from space 1088K,  45% used [0x052b0000, 0x0532ad80, 0x053c0000)
  to   space 1088K,   0% used [0x053c0000, 0x053c0000, 0x054d0000)
 tenured generation   total 27628K, used 24449K [0x09f50000, 0x0ba4b000, 0x14a00000)
   the space 27628K,  88% used [0x09f50000, 0x0b730630, 0x0b730800, 0x0ba4b000)
 Metaspace       used 7204K, capacity 7445K, committed 7552K, reserved 7552K
Event: 5.597 GC heap after
Heap after GC invocations=9 (full 2):
 def new generation   total 9984K, used 951K [0x04a00000, 0x054d0000, 0x09f50000)
  eden space 8896K,   0% used [0x04a00000, 0x04a00000, 0x052b0000)
  from space 1088K,  87% used [0x053c0000, 0x054adeb0, 0x054d0000)
  to   space 1088K,   0% used [0x052b0000, 0x052b0000, 0x053c0000)
 tenured generation   total 27628K, used 24449K [0x09f50000, 0x0ba4b000, 0x14a00000)
   the space 27628K,  88% used [0x09f50000, 0x0b730630, 0x0b730800, 0x0ba4b000)
 Metaspace       used 7204K, capacity 7445K, committed 7552K, reserved 7552K
}
Event: 5.859 GC heap before
{Heap before GC invocations=9 (full 2):
 def new generation   total 9984K, used 9847K [0x04a00000, 0x054d0000, 0x09f50000)
  eden space 8896K, 100% used [0x04a00000, 0x052b0000, 0x052b0000)
  from space 1088K,  87% used [0x053c0000, 0x054adeb0, 0x054d0000)
  to   space 1088K,   0% used [0x052b0000, 0x052b0000, 0x053c0000)
 tenured generation   total 27628K, used 24449K [0x09f50000, 0x0ba4b000, 0x14a00000)
   the space 27628K,  88% used [0x09f50000, 0x0b730630, 0x0b730800, 0x0ba4b000)
 Metaspace       used 7211K, capacity 7445K, committed 7552K, reserved 7552K
Event: 5.866 GC heap after
Heap after GC invocations=10 (full 2):
 def new generation   total 9984K, used 1088K [0x04a00000, 0x054d0000, 0x09f50000)
  eden space 8896K,   0% used [0x04a00000, 0x04a00000, 0x052b0000)
  from space 1088K, 100% used [0x052b0000, 0x053c0000, 0x053c0000)
  to   space 1088K,   0% used [0x053c0000, 0x053c0000, 0x054d0000)
 tenured generation   total 27628K, used 25476K [0x09f50000, 0x0ba4b000, 0x14a00000)
   the space 27628K,  92% used [0x09f50000, 0x0b831108, 0x0b831200, 0x0ba4b000)
 Metaspace       used 7211K, capacity 7445K, committed 7552K, reserved 7552K
}

