# JRE version: Java(TM) SE Runtime Environment (8.0_45-b14) (build 1.8.0_45-b14)
# Java VM: Java HotSpot(TM) Client VM (25.45-b02 mixed mode windows-x86 )
Heap:
 def new generation   total 18496K, used 11743K [0x04c00000, 0x06010000, 0x0a150000)
  eden space 16448K,  69% used [0x04c00000, 0x0573d218, 0x05c10000)
  from space 2048K,  11% used [0x05e10000, 0x05e4ac50, 0x06010000)
  to   space 2048K,   0% used [0x05c10000, 0x05c10000, 0x05e10000)
 tenured generation   total 40928K, used 27153K [0x0a150000, 0x0c948000, 0x14c00000)
   the space 40928K,  66% used [0x0a150000, 0x0bbd44f8, 0x0bbd4600, 0x0c948000)
 Metaspace       used 7177K, capacity 7405K, committed 7552K, reserved 7552K
GC Heap History (10 events):
Event: 10.929 GC heap before
{Heap before GC invocations=15 (full 3):
 def new generation   total 18496K, used 16448K [0x04c00000, 0x06010000, 0x0a150000)
  eden space 16448K, 100% used [0x04c00000, 0x05c10000, 0x05c10000)
  from space 2048K,   0% used [0x05c10000, 0x05c10000, 0x05e10000)
  to   space 2048K,   0% used [0x05e10000, 0x05e10000, 0x06010000)
 tenured generation   total 40928K, used 24555K [0x0a150000, 0x0c948000, 0x14c00000)
   the space 40928K,  59% used [0x0a150000, 0x0b94afb8, 0x0b94b000, 0x0c948000)
 Metaspace       used 6476K, capacity 6660K, committed 6784K, reserved 7552K
Event: 10.931 GC heap after
Heap after GC invocations=16 (full 3):
 def new generation   total 18496K, used 175K [0x04c00000, 0x06010000, 0x0a150000)
  eden space 16448K,   0% used [0x04c00000, 0x04c00000, 0x05c10000)
  from space 2048K,   8% used [0x05e10000, 0x05e3bce0, 0x06010000)
  to   space 2048K,   0% used [0x05c10000, 0x05c10000, 0x05e10000)
 tenured generation   total 40928K, used 24555K [0x0a150000, 0x0c948000, 0x14c00000)
   the space 40928K,  59% used [0x0a150000, 0x0b94afb8, 0x0b94b000, 0x0c948000)
 Metaspace       used 6476K, capacity 6660K, committed 6784K, reserved 7552K
}
Event: 12.207 GC heap before
{Heap before GC invocations=16 (full 3):
 def new generation   total 18496K, used 16623K [0x04c00000, 0x06010000, 0x0a150000)
  eden space 16448K, 100% used [0x04c00000, 0x05c10000, 0x05c10000)
  from space 2048K,   8% used [0x05e10000, 0x05e3bce0, 0x06010000)
  to   space 2048K,   0% used [0x05c10000, 0x05c10000, 0x05e10000)
 tenured generation   total 40928K, used 24555K [0x0a150000, 0x0c948000, 0x14c00000)
   the space 40928K,  59% used [0x0a150000, 0x0b94afb8, 0x0b94b000, 0x0c948000)
 Metaspace       used 7164K, capacity 7405K, committed 7552K, reserved 7552K
Event: 12.213 GC heap after
Heap after GC invocations=17 (full 3):
 def new generation   total 18496K, used 1455K [0x04c00000, 0x06010000, 0x0a150000)
  eden space 16448K,   0% used [0x04c00000, 0x04c00000, 0x05c10000)
  from space 2048K,  71% used [0x05c10000, 0x05d7bcf8, 0x05e10000)
  to   space 2048K,   0% used [0x05e10000, 0x05e10000, 0x06010000)
 tenured generation   total 40928K, used 24555K [0x0a150000, 0x0c948000, 0x14c00000)
   the space 40928K,  59% used [0x0a150000, 0x0b94afb8, 0x0b94b000, 0x0c948000)
 Metaspace       used 7164K, capacity 7405K, committed 7552K, reserved 7552K
}
Event: 12.714 GC heap before
{Heap before GC invocations=17 (full 3):
 def new generation   total 18496K, used 17903K [0x04c00000, 0x06010000, 0x0a150000)
  eden space 16448K, 100% used [0x04c00000, 0x05c10000, 0x05c10000)
  from space 2048K,  71% used [0x05c10000, 0x05d7bcf8, 0x05e10000)
  to   space 2048K,   0% used [0x05e10000, 0x05e10000, 0x06010000)
 tenured generation   total 40928K, used 24555K [0x0a150000, 0x0c948000, 0x14c00000)
   the space 40928K,  59% used [0x0a150000, 0x0b94afb8, 0x0b94b000, 0x0c948000)
 Metaspace       used 7176K, capacity 7405K, committed 7552K, reserved 7552K
Event: 12.725 GC heap after
Heap after GC invocations=18 (full 3):
 def new generation   total 18496K, used 1527K [0x04c00000, 0x06010000, 0x0a150000)
  eden space 16448K,   0% used [0x04c00000, 0x04c00000, 0x05c10000)
  from space 2048K,  74% used [0x05e10000, 0x05f8de88, 0x06010000)
  to   space 2048K,   0% used [0x05c10000, 0x05c10000, 0x05e10000)
 tenured generation   total 40928K, used 25720K [0x0a150000, 0x0c948000, 0x14c00000)
   the space 40928K,  62% used [0x0a150000, 0x0ba6e168, 0x0ba6e200, 0x0c948000)
 Metaspace       used 7176K, capacity 7405K, committed 7552K, reserved 7552K
}
Event: 15.122 GC heap before
{Heap before GC invocations=18 (full 3):
 def new generation   total 18496K, used 17975K [0x04c00000, 0x06010000, 0x0a150000)
  eden space 16448K, 100% used [0x04c00000, 0x05c10000, 0x05c10000)
  from space 2048K,  74% used [0x05e10000, 0x05f8de88, 0x06010000)
  to   space 2048K,   0% used [0x05c10000, 0x05c10000, 0x05e10000)
 tenured generation   total 40928K, used 25720K [0x0a150000, 0x0c948000, 0x14c00000)
   the space 40928K,  62% used [0x0a150000, 0x0ba6e168, 0x0ba6e200, 0x0c948000)
 Metaspace       used 7177K, capacity 7405K, committed 7552K, reserved 7552K
Event: 15.134 GC heap after
Heap after GC invocations=19 (full 3):
 def new generation   total 18496K, used 138K [0x04c00000, 0x06010000, 0x0a150000)
  eden space 16448K,   0% used [0x04c00000, 0x04c00000, 0x05c10000)
  from space 2048K,   6% used [0x05c10000, 0x05c32950, 0x05e10000)
  to   space 2048K,   0% used [0x05e10000, 0x05e10000, 0x06010000)
 tenured generation   total 40928K, used 27153K [0x0a150000, 0x0c948000, 0x14c00000)
   the space 40928K,  66% used [0x0a150000, 0x0bbd44f8, 0x0bbd4600, 0x0c948000)
 Metaspace       used 7177K, capacity 7405K, committed 7552K, reserved 7552K
}
Event: 17.422 GC heap before
{Heap before GC invocations=19 (full 3):
 def new generation   total 18496K, used 16586K [0x04c00000, 0x06010000, 0x0a150000)
  eden space 16448K, 100% used [0x04c00000, 0x05c10000, 0x05c10000)
  from space 2048K,   6% used [0x05c10000, 0x05c32950, 0x05e10000)
  to   space 2048K,   0% used [0x05e10000, 0x05e10000, 0x06010000)
 tenured generation   total 40928K, used 27153K [0x0a150000, 0x0c948000, 0x14c00000)
   the space 40928K,  66% used [0x0a150000, 0x0bbd44f8, 0x0bbd4600, 0x0c948000)
 Metaspace       used 7177K, capacity 7405K, committed 7552K, reserved 7552K
Event: 17.425 GC heap after
Heap after GC invocations=20 (full 3):
 def new generation   total 18496K, used 235K [0x04c00000, 0x06010000, 0x0a150000)
  eden space 16448K,   0% used [0x04c00000, 0x04c00000, 0x05c10000)
  from space 2048K,  11% used [0x05e10000, 0x05e4ac50, 0x06010000)
  to   space 2048K,   0% used [0x05c10000, 0x05c10000, 0x05e10000)
 tenured generation   total 40928K, used 27153K [0x0a150000, 0x0c948000, 0x14c00000)
   the space 40928K,  66% used [0x0a150000, 0x0bbd44f8, 0x0bbd4600, 0x0c948000)
 Metaspace       used 7177K, capacity 7405K, committed 7552K, reserved 7552K
}

