# JRE version: Java(TM) SE Runtime Environment (8.0_45-b14) (build 1.8.0_45-b14)
# Java VM: Java HotSpot(TM) Client VM (25.45-b02 mixed mode windows-x86 )
Heap:
 def new generation   total 9920K, used 8284K [0x04e00000, 0x058c0000, 0x0a350000)
  eden space 8832K,  90% used [0x04e00000, 0x055c77d0, 0x056a0000)
  from space 1088K,  29% used [0x057b0000, 0x057ff9a8, 0x058c0000)
  to   space 1088K,   0% used [0x056a0000, 0x056a0000, 0x057b0000)
 tenured generation   total 21896K, used 18762K [0x0a350000, 0x0b8b2000, 0x14e00000)
   the space 21896K,  85% used [0x0a350000, 0x0b5a29a0, 0x0b5a2a00, 0x0b8b2000)
 Metaspace       used 6513K, capacity 6705K, committed 6784K, reserved 7552K
GC Heap History (10 events):
Event: 0.598 GC heap before
{Heap before GC invocations=2 (full 0):
 def new generation   total 4928K, used 2458K [0x04e00000, 0x05350000, 0x0a350000)
  eden space 4416K,  55% used [0x04e00000, 0x050667e8, 0x05250000)
  from space 512K,   0% used [0x05250000, 0x05250050, 0x052d0000)
  to   space 512K,   0% used [0x052d0000, 0x052d0000, 0x05350000)
 tenured generation   total 10944K, used 6945K [0x0a350000, 0x0ae00000, 0x14e00000)
   the space 10944K,  63% used [0x0a350000, 0x0aa18670, 0x0aa18800, 0x0ae00000)
 Metaspace       used 6045K, capacity 6215K, committed 6272K, reserved 6528K
Event: 0.610 GC heap after
Heap after GC invocations=3 (full 1):
 def new generation   total 5760K, used 0K [0x04e00000, 0x05430000, 0x0a350000)
  eden space 5184K,   0% used [0x04e00000, 0x04e00000, 0x05310000)
  from space 576K,   0% used [0x05310000, 0x05310000, 0x053a0000)
  to   space 576K,   0% used [0x053a0000, 0x053a0000, 0x05430000)
 tenured generation   total 12564K, used 7536K [0x0a350000, 0x0af95000, 0x14e00000)
   the space 12564K,  59% used [0x0a350000, 0x0aaac240, 0x0aaac400, 0x0af95000)
 Metaspace       used 6045K, capacity 6215K, committed 6272K, reserved 6528K
}
Event: 1.682 GC heap before
{Heap before GC invocations=3 (full 1):
 def new generation   total 5760K, used 4283K [0x04e00000, 0x05430000, 0x0a350000)
  eden space 5184K,  82% used [0x04e00000, 0x0522ef78, 0x05310000)
  from space 576K,   0% used [0x05310000, 0x05310000, 0x053a0000)
  to   space 576K,   0% used [0x053a0000, 0x053a0000, 0x05430000)
 tenured generation   total 17892K, used 12864K [0x0a350000, 0x0b4c9000, 0x14e00000)
   the space 17892K,  71% used [0x0a350000, 0x0afe0010, 0x0afe0200, 0x0b4c9000)
 Metaspace       used 6474K, capacity 6665K, committed 6784K, reserved 7552K
Event: 1.692 GC heap after
Heap after GC invocations=4 (full 2):
 def new generation   total 9920K, used 0K [0x04e00000, 0x058c0000, 0x0a350000)
  eden space 8832K,   0% used [0x04e00000, 0x04e00000, 0x056a0000)
  from space 1088K,   0% used [0x056a0000, 0x056a0000, 0x057b0000)
  to   space 1088K,   0% used [0x057b0000, 0x057b0000, 0x058c0000)
 tenured generation   total 21896K, used 13137K [0x0a350000, 0x0b8b2000, 0x14e00000)
   the space 21896K,  59% used [0x0a350000, 0x0b024590, 0x0b024600, 0x0b8b2000)
 Metaspace       used 6474K, capacity 6665K, committed 6784K, reserved 7552K
}
Event: 1.712 GC heap before
{Heap before GC invocations=4 (full 2):
 def new generation   total 9920K, used 8831K [0x04e00000, 0x058c0000, 0x0a350000)
  eden space 8832K,  99% used [0x04e00000, 0x0569fce8, 0x056a0000)
  from space 1088K,   0% used [0x056a0000, 0x056a0000, 0x057b0000)
  to   space 1088K,   0% used [0x057b0000, 0x057b0000, 0x058c0000)
 tenured generation   total 21896K, used 13137K [0x0a350000, 0x0b8b2000, 0x14e00000)
   the space 21896K,  59% used [0x0a350000, 0x0b024590, 0x0b024600, 0x0b8b2000)
 Metaspace       used 6474K, capacity 6665K, committed 6784K, reserved 7552K
Event: 1.716 GC heap after
Heap after GC invocations=5 (full 2):
 def new generation   total 9920K, used 0K [0x04e00000, 0x058c0000, 0x0a350000)
  eden space 8832K,   0% used [0x04e00000, 0x04e00000, 0x056a0000)
  from space 1088K,   0% used [0x057b0000, 0x057b01a0, 0x058c0000)
  to   space 1088K,   0% used [0x056a0000, 0x056a0000, 0x057b0000)
 tenured generation   total 21896K, used 18762K [0x0a350000, 0x0b8b2000, 0x14e00000)
   the space 21896K,  85% used [0x0a350000, 0x0b5a29a0, 0x0b5a2a00, 0x0b8b2000)
 Metaspace       used 6474K, capacity 6665K, committed 6784K, reserved 7552K
}
Event: 3.057 GC heap before
{Heap before GC invocations=5 (full 2):
 def new generation   total 9920K, used 8832K [0x04e00000, 0x058c0000, 0x0a350000)
  eden space 8832K, 100% used [0x04e00000, 0x056a0000, 0x056a0000)
  from space 1088K,   0% used [0x057b0000, 0x057b01a0, 0x058c0000)
  to   space 1088K,   0% used [0x056a0000, 0x056a0000, 0x057b0000)
 tenured generation   total 21896K, used 18762K [0x0a350000, 0x0b8b2000, 0x14e00000)
   the space 21896K,  85% used [0x0a350000, 0x0b5a29a0, 0x0b5a2a00, 0x0b8b2000)
 Metaspace       used 6483K, capacity 6670K, committed 6784K, reserved 7552K
Event: 3.059 GC heap after
Heap after GC invocations=6 (full 2):
 def new generation   total 9920K, used 224K [0x04e00000, 0x058c0000, 0x0a350000)
  eden space 8832K,   0% used [0x04e00000, 0x04e00000, 0x056a0000)
  from space 1088K,  20% used [0x056a0000, 0x056d8308, 0x057b0000)
  to   space 1088K,   0% used [0x057b0000, 0x057b0000, 0x058c0000)
 tenured generation   total 21896K, used 18762K [0x0a350000, 0x0b8b2000, 0x14e00000)
   the space 21896K,  85% used [0x0a350000, 0x0b5a29a0, 0x0b5a2a00, 0x0b8b2000)
 Metaspace       used 6483K, capacity 6670K, committed 6784K, reserved 7552K
}
Event: 4.990 GC heap before
{Heap before GC invocations=6 (full 2):
 def new generation   total 9920K, used 9056K [0x04e00000, 0x058c0000, 0x0a350000)
  eden space 8832K, 100% used [0x04e00000, 0x056a0000, 0x056a0000)
  from space 1088K,  20% used [0x056a0000, 0x056d8308, 0x057b0000)
  to   space 1088K,   0% used [0x057b0000, 0x057b0000, 0x058c0000)
 tenured generation   total 21896K, used 18762K [0x0a350000, 0x0b8b2000, 0x14e00000)
   the space 21896K,  85% used [0x0a350000, 0x0b5a29a0, 0x0b5a2a00, 0x0b8b2000)
 Metaspace       used 6510K, capacity 6705K, committed 6784K, reserved 7552K
Event: 4.992 GC heap after
Heap after GC invocations=7 (full 2):
 def new generation   total 9920K, used 318K [0x04e00000, 0x058c0000, 0x0a350000)
  eden space 8832K,   0% used [0x04e00000, 0x04e00000, 0x056a0000)
  from space 1088K,  29% used [0x057b0000, 0x057ff9a8, 0x058c0000)
  to   space 1088K,   0% used [0x056a0000, 0x056a0000, 0x057b0000)
 tenured generation   total 21896K, used 18762K [0x0a350000, 0x0b8b2000, 0x14e00000)
   the space 21896K,  85% used [0x0a350000, 0x0b5a29a0, 0x0b5a2a00, 0x0b8b2000)
 Metaspace       used 6510K, capacity 6705K, committed 6784K, reserved 7552K
}

