# JRE version: Java(TM) SE Runtime Environment (8.0_45-b14) (build 1.8.0_45-b14)
# Java VM: Java HotSpot(TM) Client VM (25.45-b02 mixed mode windows-x86 )
Heap:
 def new generation   total 9984K, used 6566K [0x04e00000, 0x058d0000, 0x0a350000)
  eden space 8896K,  61% used [0x04e00000, 0x05359850, 0x056b0000)
  from space 1088K,  99% used [0x057c0000, 0x058cfff8, 0x058d0000)
  to   space 1088K,   0% used [0x056b0000, 0x056b0000, 0x057c0000)
 tenured generation   total 21992K, used 19812K [0x0a350000, 0x0b8ca000, 0x14e00000)
   the space 21992K,  90% used [0x0a350000, 0x0b6a93a8, 0x0b6a9400, 0x0b8ca000)
 Metaspace       used 7212K, capacity 7445K, committed 7552K, reserved 7552K
GC Heap History (10 events):
Event: 0.601 GC heap before
{Heap before GC invocations=2 (full 0):
 def new generation   total 4928K, used 2614K [0x04e00000, 0x05350000, 0x0a350000)
  eden space 4416K,  59% used [0x04e00000, 0x0508d9b8, 0x05250000)
  from space 512K,   0% used [0x05250000, 0x05250050, 0x052d0000)
  to   space 512K,   0% used [0x052d0000, 0x052d0000, 0x05350000)
 tenured generation   total 10944K, used 6945K [0x0a350000, 0x0ae00000, 0x14e00000)
   the space 10944K,  63% used [0x0a350000, 0x0aa18670, 0x0aa18800, 0x0ae00000)
 Metaspace       used 6120K, capacity 6313K, committed 6400K, reserved 6528K
Event: 0.615 GC heap after
Heap after GC invocations=3 (full 1):
 def new generation   total 5760K, used 0K [0x04e00000, 0x05430000, 0x0a350000)
  eden space 5184K,   0% used [0x04e00000, 0x04e00000, 0x05310000)
  from space 576K,   0% used [0x05310000, 0x05310000, 0x053a0000)
  to   space 576K,   0% used [0x053a0000, 0x053a0000, 0x05430000)
 tenured generation   total 12616K, used 7569K [0x0a350000, 0x0afa2000, 0x14e00000)
   the space 12616K,  59% used [0x0a350000, 0x0aab4458, 0x0aab4600, 0x0afa2000)
 Metaspace       used 6120K, capacity 6313K, committed 6400K, reserved 6528K
}
Event: 1.288 GC heap before
{Heap before GC invocations=3 (full 1):
 def new generation   total 5760K, used 3026K [0x04e00000, 0x05430000, 0x0a350000)
  eden space 5184K,  58% used [0x04e00000, 0x050f4810, 0x05310000)
  from space 576K,   0% used [0x05310000, 0x05310000, 0x053a0000)
  to   space 576K,   0% used [0x053a0000, 0x053a0000, 0x05430000)
 tenured generation   total 17944K, used 12896K [0x0a350000, 0x0b4d6000, 0x14e00000)
   the space 17944K,  71% used [0x0a350000, 0x0afe8228, 0x0afe8400, 0x0b4d6000)
 Metaspace       used 6472K, capacity 6633K, committed 6784K, reserved 7552K
Event: 1.300 GC heap after
Heap after GC invocations=4 (full 2):
 def new generation   total 9984K, used 0K [0x04e00000, 0x058d0000, 0x0a350000)
  eden space 8896K,   0% used [0x04e00000, 0x04e00000, 0x056b0000)
  from space 1088K,   0% used [0x056b0000, 0x056b0000, 0x057c0000)
  to   space 1088K,   0% used [0x057c0000, 0x057c0000, 0x058d0000)
 tenured generation   total 21992K, used 13194K [0x0a350000, 0x0b8ca000, 0x14e00000)
   the space 21992K,  59% used [0x0a350000, 0x0b0329c8, 0x0b032a00, 0x0b8ca000)
 Metaspace       used 6472K, capacity 6633K, committed 6784K, reserved 7552K
}
Event: 1.324 GC heap before
{Heap before GC invocations=4 (full 2):
 def new generation   total 9984K, used 8893K [0x04e00000, 0x058d0000, 0x0a350000)
  eden space 8896K,  99% used [0x04e00000, 0x056af5b0, 0x056b0000)
  from space 1088K,   0% used [0x056b0000, 0x056b0000, 0x057c0000)
  to   space 1088K,   0% used [0x057c0000, 0x057c0000, 0x058d0000)
 tenured generation   total 21992K, used 13194K [0x0a350000, 0x0b8ca000, 0x14e00000)
   the space 21992K,  59% used [0x0a350000, 0x0b0329c8, 0x0b032a00, 0x0b8ca000)
 Metaspace       used 6472K, capacity 6633K, committed 6784K, reserved 7552K
Event: 1.327 GC heap after
Heap after GC invocations=5 (full 2):
 def new generation   total 9984K, used 0K [0x04e00000, 0x058d0000, 0x0a350000)
  eden space 8896K,   0% used [0x04e00000, 0x04e00000, 0x056b0000)
  from space 1088K,   0% used [0x057c0000, 0x057c01d0, 0x058d0000)
  to   space 1088K,   0% used [0x056b0000, 0x056b0000, 0x057c0000)
 tenured generation   total 21992K, used 18819K [0x0a350000, 0x0b8ca000, 0x14e00000)
   the space 21992K,  85% used [0x0a350000, 0x0b5b0dd8, 0x0b5b0e00, 0x0b8ca000)
 Metaspace       used 6472K, capacity 6633K, committed 6784K, reserved 7552K
}
Event: 1.838 GC heap before
{Heap before GC invocations=5 (full 2):
 def new generation   total 9984K, used 8896K [0x04e00000, 0x058d0000, 0x0a350000)
  eden space 8896K, 100% used [0x04e00000, 0x056b0000, 0x056b0000)
  from space 1088K,   0% used [0x057c0000, 0x057c01d0, 0x058d0000)
  to   space 1088K,   0% used [0x056b0000, 0x056b0000, 0x057c0000)
 tenured generation   total 21992K, used 18819K [0x0a350000, 0x0b8ca000, 0x14e00000)
   the space 21992K,  85% used [0x0a350000, 0x0b5b0dd8, 0x0b5b0e00, 0x0b8ca000)
 Metaspace       used 7204K, capacity 7445K, committed 7552K, reserved 7552K
Event: 1.843 GC heap after
Heap after GC invocations=6 (full 2):
 def new generation   total 9984K, used 1083K [0x04e00000, 0x058d0000, 0x0a350000)
  eden space 8896K,   0% used [0x04e00000, 0x04e00000, 0x056b0000)
  from space 1088K,  99% used [0x056b0000, 0x057bed30, 0x057c0000)
  to   space 1088K,   0% used [0x057c0000, 0x057c0000, 0x058d0000)
 tenured generation   total 21992K, used 18819K [0x0a350000, 0x0b8ca000, 0x14e00000)
   the space 21992K,  85% used [0x0a350000, 0x0b5b0dd8, 0x0b5b0e00, 0x0b8ca000)
 Metaspace       used 7204K, capacity 7445K, committed 7552K, reserved 7552K
}
Event: 2.039 GC heap before
{Heap before GC invocations=6 (full 2):
 def new generation   total 9984K, used 9979K [0x04e00000, 0x058d0000, 0x0a350000)
  eden space 8896K, 100% used [0x04e00000, 0x056b0000, 0x056b0000)
  from space 1088K,  99% used [0x056b0000, 0x057bed30, 0x057c0000)
  to   space 1088K,   0% used [0x057c0000, 0x057c0000, 0x058d0000)
 tenured generation   total 21992K, used 18819K [0x0a350000, 0x0b8ca000, 0x14e00000)
   the space 21992K,  85% used [0x0a350000, 0x0b5b0dd8, 0x0b5b0e00, 0x0b8ca000)
 Metaspace       used 7211K, capacity 7445K, committed 7552K, reserved 7552K
Event: 2.047 GC heap after
Heap after GC invocations=7 (full 2):
 def new generation   total 9984K, used 1087K [0x04e00000, 0x058d0000, 0x0a350000)
  eden space 8896K,   0% used [0x04e00000, 0x04e00000, 0x056b0000)
  from space 1088K,  99% used [0x057c0000, 0x058cfff8, 0x058d0000)
  to   space 1088K,   0% used [0x056b0000, 0x056b0000, 0x057c0000)
 tenured generation   total 21992K, used 19812K [0x0a350000, 0x0b8ca000, 0x14e00000)
   the space 21992K,  90% used [0x0a350000, 0x0b6a93a8, 0x0b6a9400, 0x0b8ca000)
 Metaspace       used 7211K, capacity 7445K, committed 7552K, reserved 7552K
}

