# JRE version: Java(TM) SE Runtime Environment (8.0_45-b14) (build 1.8.0_45-b14)
# Java VM: Java HotSpot(TM) Client VM (25.45-b02 mixed mode, sharing windows-x86 )
Heap:
 def new generation   total 18432K, used 13537K [0x04600000, 0x059f0000, 0x09b50000)
  eden space 16448K,  81% used [0x04600000, 0x0530c248, 0x05610000)
  from space 1984K,   8% used [0x05800000, 0x0582c4e8, 0x059f0000)
  to   space 1984K,   0% used [0x05610000, 0x05610000, 0x05800000)
 tenured generation   total 40688K, used 30036K [0x09b50000, 0x0c30c000, 0x14600000)
   the space 40688K,  73% used [0x09b50000, 0x0b8a5118, 0x0b8a5200, 0x0c30c000)
 Metaspace       used 1371K, capacity 2635K, committed 2752K, reserved 4480K
GC Heap History (10 events):
Event: 10.979 GC heap before
{Heap before GC invocations=14 (full 3):
 def new generation   total 18432K, used 16630K [0x04600000, 0x059f0000, 0x09b50000)
  eden space 16448K, 100% used [0x04600000, 0x05610000, 0x05610000)
  from space 1984K,   9% used [0x05610000, 0x0563d808, 0x05800000)
  to   space 1984K,   0% used [0x05800000, 0x05800000, 0x059f0000)
 tenured generation   total 40688K, used 30036K [0x09b50000, 0x0c30c000, 0x14600000)
   the space 40688K,  73% used [0x09b50000, 0x0b8a5118, 0x0b8a5200, 0x0c30c000)
 Metaspace       used 1371K, capacity 2635K, committed 2752K, reserved 4480K
Event: 10.981 GC heap after
Heap after GC invocations=15 (full 3):
 def new generation   total 18432K, used 175K [0x04600000, 0x059f0000, 0x09b50000)
  eden space 16448K,   0% used [0x04600000, 0x04600000, 0x05610000)
  from space 1984K,   8% used [0x05800000, 0x0582bf80, 0x059f0000)
  to   space 1984K,   0% used [0x05610000, 0x05610000, 0x05800000)
 tenured generation   total 40688K, used 30036K [0x09b50000, 0x0c30c000, 0x14600000)
   the space 40688K,  73% used [0x09b50000, 0x0b8a5118, 0x0b8a5200, 0x0c30c000)
 Metaspace       used 1371K, capacity 2635K, committed 2752K, reserved 4480K
}
Event: 12.036 GC heap before
{Heap before GC invocations=15 (full 3):
 def new generation   total 18432K, used 16623K [0x04600000, 0x059f0000, 0x09b50000)
  eden space 16448K, 100% used [0x04600000, 0x05610000, 0x05610000)
  from space 1984K,   8% used [0x05800000, 0x0582bf80, 0x059f0000)
  to   space 1984K,   0% used [0x05610000, 0x05610000, 0x05800000)
 tenured generation   total 40688K, used 30036K [0x09b50000, 0x0c30c000, 0x14600000)
   the space 40688K,  73% used [0x09b50000, 0x0b8a5118, 0x0b8a5200, 0x0c30c000)
 Metaspace       used 1371K, capacity 2635K, committed 2752K, reserved 4480K
Event: 12.037 GC heap after
Heap after GC invocations=16 (full 3):
 def new generation   total 18432K, used 179K [0x04600000, 0x059f0000, 0x09b50000)
  eden space 16448K,   0% used [0x04600000, 0x04600000, 0x05610000)
  from space 1984K,   9% used [0x05610000, 0x0563cc00, 0x05800000)
  to   space 1984K,   0% used [0x05800000, 0x05800000, 0x059f0000)
 tenured generation   total 40688K, used 30036K [0x09b50000, 0x0c30c000, 0x14600000)
   the space 40688K,  73% used [0x09b50000, 0x0b8a5118, 0x0b8a5200, 0x0c30c000)
 Metaspace       used 1371K, capacity 2635K, committed 2752K, reserved 4480K
}
Event: 13.064 GC heap before
{Heap before GC invocations=16 (full 3):
 def new generation   total 18432K, used 16627K [0x04600000, 0x059f0000, 0x09b50000)
  eden space 16448K, 100% used [0x04600000, 0x05610000, 0x05610000)
  from space 1984K,   9% used [0x05610000, 0x0563cc00, 0x05800000)
  to   space 1984K,   0% used [0x05800000, 0x05800000, 0x059f0000)
 tenured generation   total 40688K, used 30036K [0x09b50000, 0x0c30c000, 0x14600000)
   the space 40688K,  73% used [0x09b50000, 0x0b8a5118, 0x0b8a5200, 0x0c30c000)
 Metaspace       used 1371K, capacity 2635K, committed 2752K, reserved 4480K
Event: 13.065 GC heap after
Heap after GC invocations=17 (full 3):
 def new generation   total 18432K, used 189K [0x04600000, 0x059f0000, 0x09b50000)
  eden space 16448K,   0% used [0x04600000, 0x04600000, 0x05610000)
  from space 1984K,   9% used [0x05800000, 0x0582f408, 0x059f0000)
  to   space 1984K,   0% used [0x05610000, 0x05610000, 0x05800000)
 tenured generation   total 40688K, used 30036K [0x09b50000, 0x0c30c000, 0x14600000)
   the space 40688K,  73% used [0x09b50000, 0x0b8a5118, 0x0b8a5200, 0x0c30c000)
 Metaspace       used 1371K, capacity 2635K, committed 2752K, reserved 4480K
}
Event: 14.055 GC heap before
{Heap before GC invocations=17 (full 3):
 def new generation   total 18432K, used 16637K [0x04600000, 0x059f0000, 0x09b50000)
  eden space 16448K, 100% used [0x04600000, 0x05610000, 0x05610000)
  from space 1984K,   9% used [0x05800000, 0x0582f408, 0x059f0000)
  to   space 1984K,   0% used [0x05610000, 0x05610000, 0x05800000)
 tenured generation   total 40688K, used 30036K [0x09b50000, 0x0c30c000, 0x14600000)
   the space 40688K,  73% used [0x09b50000, 0x0b8a5118, 0x0b8a5200, 0x0c30c000)
 Metaspace       used 1371K, capacity 2635K, committed 2752K, reserved 4480K
Event: 14.056 GC heap after
Heap after GC invocations=18 (full 3):
 def new generation   total 18432K, used 186K [0x04600000, 0x059f0000, 0x09b50000)
  eden space 16448K,   0% used [0x04600000, 0x04600000, 0x05610000)
  from space 1984K,   9% used [0x05610000, 0x0563e868, 0x05800000)
  to   space 1984K,   0% used [0x05800000, 0x05800000, 0x059f0000)
 tenured generation   total 40688K, used 30036K [0x09b50000, 0x0c30c000, 0x14600000)
   the space 40688K,  73% used [0x09b50000, 0x0b8a5118, 0x0b8a5200, 0x0c30c000)
 Metaspace       used 1371K, capacity 2635K, committed 2752K, reserved 4480K
}
Event: 15.024 GC heap before
{Heap before GC invocations=18 (full 3):
 def new generation   total 18432K, used 16634K [0x04600000, 0x059f0000, 0x09b50000)
  eden space 16448K, 100% used [0x04600000, 0x05610000, 0x05610000)
  from space 1984K,   9% used [0x05610000, 0x0563e868, 0x05800000)
  to   space 1984K,   0% used [0x05800000, 0x05800000, 0x059f0000)
 tenured generation   total 40688K, used 30036K [0x09b50000, 0x0c30c000, 0x14600000)
   the space 40688K,  73% used [0x09b50000, 0x0b8a5118, 0x0b8a5200, 0x0c30c000)
 Metaspace       used 1371K, capacity 2635K, committed 2752K, reserved 4480K
Event: 15.026 GC heap after
Heap after GC invocations=19 (full 3):
 def new generation   total 18432K, used 177K [0x04600000, 0x059f0000, 0x09b50000)
  eden space 16448K,   0% used [0x04600000, 0x04600000, 0x05610000)
  from space 1984K,   8% used [0x05800000, 0x0582c4e8, 0x059f0000)
  to   space 1984K,   0% used [0x05610000, 0x05610000, 0x05800000)
 tenured generation   total 40688K, used 30036K [0x09b50000, 0x0c30c000, 0x14600000)
   the space 40688K,  73% used [0x09b50000, 0x0b8a5118, 0x0b8a5200, 0x0c30c000)
 Metaspace       used 1371K, capacity 2635K, committed 2752K, reserved 4480K
}

