# JRE version: Java(TM) SE Runtime Environment (8.0_45-b14) (build 1.8.0_45-b14)
# Java VM: Java HotSpot(TM) Client VM (25.45-b02 mixed mode, sharing windows-x86 )
Heap:
 def new generation   total 5760K, used 2729K [0x04600000, 0x04c30000, 0x09b50000)
  eden space 5184K,  49% used [0x04600000, 0x0487ebc8, 0x04b10000)
  from space 576K,  30% used [0x04ba0000, 0x04bcbaa0, 0x04c30000)
  to   space 576K,   0% used [0x04b10000, 0x04b10000, 0x04ba0000)
 tenured generation   total 17892K, used 13035K [0x09b50000, 0x0acc9000, 0x14600000)
   the space 17892K,  72% used [0x09b50000, 0x0a80af58, 0x0a80b000, 0x0acc9000)
 Metaspace       used 1365K, capacity 2628K, committed 2752K, reserved 4480K
GC Heap History (10 events):
Event: 1.930 GC heap before
{Heap before GC invocations=3 (full 1):
 def new generation   total 5760K, used 5184K [0x04600000, 0x04c30000, 0x09b50000)
  eden space 5184K, 100% used [0x04600000, 0x04b10000, 0x04b10000)
  from space 576K,   0% used [0x04b10000, 0x04b10000, 0x04ba0000)
  to   space 576K,   0% used [0x04ba0000, 0x04ba0000, 0x04c30000)
 tenured generation   total 17892K, used 12864K [0x09b50000, 0x0acc9000, 0x14600000)
   the space 17892K,  71% used [0x09b50000, 0x0a7e03f8, 0x0a7e0400, 0x0acc9000)
 Metaspace       used 1346K, capacity 2625K, committed 2752K, reserved 4480K
Event: 1.932 GC heap after
Heap after GC invocations=4 (full 1):
 def new generation   total 5760K, used 273K [0x04600000, 0x04c30000, 0x09b50000)
  eden space 5184K,   0% used [0x04600000, 0x04600000, 0x04b10000)
  from space 576K,  47% used [0x04ba0000, 0x04be4450, 0x04c30000)
  to   space 576K,   0% used [0x04b10000, 0x04b10000, 0x04ba0000)
 tenured generation   total 17892K, used 12864K [0x09b50000, 0x0acc9000, 0x14600000)
   the space 17892K,  71% used [0x09b50000, 0x0a7e03f8, 0x0a7e0400, 0x0acc9000)
 Metaspace       used 1346K, capacity 2625K, committed 2752K, reserved 4480K
}
Event: 3.369 GC heap before
{Heap before GC invocations=4 (full 1):
 def new generation   total 5760K, used 5457K [0x04600000, 0x04c30000, 0x09b50000)
  eden space 5184K, 100% used [0x04600000, 0x04b10000, 0x04b10000)
  from space 576K,  47% used [0x04ba0000, 0x04be4450, 0x04c30000)
  to   space 576K,   0% used [0x04b10000, 0x04b10000, 0x04ba0000)
 tenured generation   total 17892K, used 12864K [0x09b50000, 0x0acc9000, 0x14600000)
   the space 17892K,  71% used [0x09b50000, 0x0a7e03f8, 0x0a7e0400, 0x0acc9000)
 Metaspace       used 1346K, capacity 2625K, committed 2752K, reserved 4480K
Event: 3.371 GC heap after
Heap after GC invocations=5 (full 1):
 def new generation   total 5760K, used 410K [0x04600000, 0x04c30000, 0x09b50000)
  eden space 5184K,   0% used [0x04600000, 0x04600000, 0x04b10000)
  from space 576K,  71% used [0x04b10000, 0x04b76968, 0x04ba0000)
  to   space 576K,   0% used [0x04ba0000, 0x04ba0000, 0x04c30000)
 tenured generation   total 17892K, used 12864K [0x09b50000, 0x0acc9000, 0x14600000)
   the space 17892K,  71% used [0x09b50000, 0x0a7e03f8, 0x0a7e0400, 0x0acc9000)
 Metaspace       used 1346K, capacity 2625K, committed 2752K, reserved 4480K
}
Event: 4.798 GC heap before
{Heap before GC invocations=5 (full 1):
 def new generation   total 5760K, used 5594K [0x04600000, 0x04c30000, 0x09b50000)
  eden space 5184K, 100% used [0x04600000, 0x04b10000, 0x04b10000)
  from space 576K,  71% used [0x04b10000, 0x04b76968, 0x04ba0000)
  to   space 576K,   0% used [0x04ba0000, 0x04ba0000, 0x04c30000)
 tenured generation   total 17892K, used 12864K [0x09b50000, 0x0acc9000, 0x14600000)
   the space 17892K,  71% used [0x09b50000, 0x0a7e03f8, 0x0a7e0400, 0x0acc9000)
 Metaspace       used 1364K, capacity 2628K, committed 2752K, reserved 4480K
Event: 4.800 GC heap after
Heap after GC invocations=6 (full 1):
 def new generation   total 5760K, used 269K [0x04600000, 0x04c30000, 0x09b50000)
  eden space 5184K,   0% used [0x04600000, 0x04600000, 0x04b10000)
  from space 576K,  46% used [0x04ba0000, 0x04be3728, 0x04c30000)
  to   space 576K,   0% used [0x04b10000, 0x04b10000, 0x04ba0000)
 tenured generation   total 17892K, used 13035K [0x09b50000, 0x0acc9000, 0x14600000)
   the space 17892K,  72% used [0x09b50000, 0x0a80af58, 0x0a80b000, 0x0acc9000)
 Metaspace       used 1364K, capacity 2628K, committed 2752K, reserved 4480K
}
Event: 5.771 GC heap before
{Heap before GC invocations=6 (full 1):
 def new generation   total 5760K, used 5453K [0x04600000, 0x04c30000, 0x09b50000)
  eden space 5184K, 100% used [0x04600000, 0x04b10000, 0x04b10000)
  from space 576K,  46% used [0x04ba0000, 0x04be3728, 0x04c30000)
  to   space 576K,   0% used [0x04b10000, 0x04b10000, 0x04ba0000)
 tenured generation   total 17892K, used 13035K [0x09b50000, 0x0acc9000, 0x14600000)
   the space 17892K,  72% used [0x09b50000, 0x0a80af58, 0x0a80b000, 0x0acc9000)
 Metaspace       used 1365K, capacity 2628K, committed 2752K, reserved 4480K
Event: 5.772 GC heap after
Heap after GC invocations=7 (full 1):
 def new generation   total 5760K, used 181K [0x04600000, 0x04c30000, 0x09b50000)
  eden space 5184K,   0% used [0x04600000, 0x04600000, 0x04b10000)
  from space 576K,  31% used [0x04b10000, 0x04b3d5d0, 0x04ba0000)
  to   space 576K,   0% used [0x04ba0000, 0x04ba0000, 0x04c30000)
 tenured generation   total 17892K, used 13035K [0x09b50000, 0x0acc9000, 0x14600000)
   the space 17892K,  72% used [0x09b50000, 0x0a80af58, 0x0a80b000, 0x0acc9000)
 Metaspace       used 1365K, capacity 2628K, committed 2752K, reserved 4480K
}
Event: 6.897 GC heap before
{Heap before GC invocations=7 (full 1):
 def new generation   total 5760K, used 5365K [0x04600000, 0x04c30000, 0x09b50000)
  eden space 5184K, 100% used [0x04600000, 0x04b10000, 0x04b10000)
  from space 576K,  31% used [0x04b10000, 0x04b3d5d0, 0x04ba0000)
  to   space 576K,   0% used [0x04ba0000, 0x04ba0000, 0x04c30000)
 tenured generation   total 17892K, used 13035K [0x09b50000, 0x0acc9000, 0x14600000)
   the space 17892K,  72% used [0x09b50000, 0x0a80af58, 0x0a80b000, 0x0acc9000)
 Metaspace       used 1365K, capacity 2628K, committed 2752K, reserved 4480K
Event: 6.898 GC heap after
Heap after GC invocations=8 (full 1):
 def new generation   total 5760K, used 174K [0x04600000, 0x04c30000, 0x09b50000)
  eden space 5184K,   0% used [0x04600000, 0x04600000, 0x04b10000)
  from space 576K,  30% used [0x04ba0000, 0x04bcbaa0, 0x04c30000)
  to   space 576K,   0% used [0x04b10000, 0x04b10000, 0x04ba0000)
 tenured generation   total 17892K, used 13035K [0x09b50000, 0x0acc9000, 0x14600000)
   the space 17892K,  72% used [0x09b50000, 0x0a80af58, 0x0a80b000, 0x0acc9000)
 Metaspace       used 1365K, capacity 2628K, committed 2752K, reserved 4480K
}

