# JRE version: Java(TM) SE Runtime Environment (8.0_45-b14) (build 1.8.0_45-b14)
# Java VM: Java HotSpot(TM) Client VM (25.45-b02 mixed mode windows-x86 )
Heap:
 def new generation   total 13824K, used 1784K [0x04e00000, 0x05d00000, 0x0a350000)
  eden space 12288K,  13% used [0x04e00000, 0x04f95600, 0x05a00000)
  from space 1536K,  10% used [0x05a00000, 0x05a28b40, 0x05b80000)
  to   space 1536K,   0% used [0x05b80000, 0x05b80000, 0x05d00000)
 tenured generation   total 30676K, used 19571K [0x0a350000, 0x0c145000, 0x14e00000)
   the space 30676K,  63% used [0x0a350000, 0x0b66ce58, 0x0b66d000, 0x0c145000)
 Metaspace       used 8603K, capacity 8788K, committed 8960K, reserved 9600K
GC Heap History (10 events):
Event: 27.127 GC heap before
{Heap before GC invocations=28 (full 2):
 def new generation   total 13824K, used 12450K [0x04e00000, 0x05d00000, 0x0a350000)
  eden space 12288K, 100% used [0x04e00000, 0x05a00000, 0x05a00000)
  from space 1536K,  10% used [0x05b80000, 0x05ba8b40, 0x05d00000)
  to   space 1536K,   0% used [0x05a00000, 0x05a00000, 0x05b80000)
 tenured generation   total 30676K, used 19571K [0x0a350000, 0x0c145000, 0x14e00000)
   the space 30676K,  63% used [0x0a350000, 0x0b66ce58, 0x0b66d000, 0x0c145000)
 Metaspace       used 8603K, capacity 8788K, committed 8960K, reserved 9600K
Event: 27.128 GC heap after
Heap after GC invocations=29 (full 2):
 def new generation   total 13824K, used 162K [0x04e00000, 0x05d00000, 0x0a350000)
  eden space 12288K,   0% used [0x04e00000, 0x04e00000, 0x05a00000)
  from space 1536K,  10% used [0x05a00000, 0x05a28b40, 0x05b80000)
  to   space 1536K,   0% used [0x05b80000, 0x05b80000, 0x05d00000)
 tenured generation   total 30676K, used 19571K [0x0a350000, 0x0c145000, 0x14e00000)
   the space 30676K,  63% used [0x0a350000, 0x0b66ce58, 0x0b66d000, 0x0c145000)
 Metaspace       used 8603K, capacity 8788K, committed 8960K, reserved 9600K
}
Event: 28.137 GC heap before
{Heap before GC invocations=29 (full 2):
 def new generation   total 13824K, used 12450K [0x04e00000, 0x05d00000, 0x0a350000)
  eden space 12288K, 100% used [0x04e00000, 0x05a00000, 0x05a00000)
  from space 1536K,  10% used [0x05a00000, 0x05a28b40, 0x05b80000)
  to   space 1536K,   0% used [0x05b80000, 0x05b80000, 0x05d00000)
 tenured generation   total 30676K, used 19571K [0x0a350000, 0x0c145000, 0x14e00000)
   the space 30676K,  63% used [0x0a350000, 0x0b66ce58, 0x0b66d000, 0x0c145000)
 Metaspace       used 8603K, capacity 8788K, committed 8960K, reserved 9600K
Event: 28.138 GC heap after
Heap after GC invocations=30 (full 2):
 def new generation   total 13824K, used 166K [0x04e00000, 0x05d00000, 0x0a350000)
  eden space 12288K,   0% used [0x04e00000, 0x04e00000, 0x05a00000)
  from space 1536K,  10% used [0x05b80000, 0x05ba99a0, 0x05d00000)
  to   space 1536K,   0% used [0x05a00000, 0x05a00000, 0x05b80000)
 tenured generation   total 30676K, used 19571K [0x0a350000, 0x0c145000, 0x14e00000)
   the space 30676K,  63% used [0x0a350000, 0x0b66ce58, 0x0b66d000, 0x0c145000)
 Metaspace       used 8603K, capacity 8788K, committed 8960K, reserved 9600K
}
Event: 29.178 GC heap before
{Heap before GC invocations=30 (full 2):
 def new generation   total 13824K, used 12454K [0x04e00000, 0x05d00000, 0x0a350000)
  eden space 12288K, 100% used [0x04e00000, 0x05a00000, 0x05a00000)
  from space 1536K,  10% used [0x05b80000, 0x05ba99a0, 0x05d00000)
  to   space 1536K,   0% used [0x05a00000, 0x05a00000, 0x05b80000)
 tenured generation   total 30676K, used 19571K [0x0a350000, 0x0c145000, 0x14e00000)
   the space 30676K,  63% used [0x0a350000, 0x0b66ce58, 0x0b66d000, 0x0c145000)
 Metaspace       used 8603K, capacity 8788K, committed 8960K, reserved 9600K
Event: 29.179 GC heap after
Heap after GC invocations=31 (full 2):
 def new generation   total 13824K, used 166K [0x04e00000, 0x05d00000, 0x0a350000)
  eden space 12288K,   0% used [0x04e00000, 0x04e00000, 0x05a00000)
  from space 1536K,  10% used [0x05a00000, 0x05a298f0, 0x05b80000)
  to   space 1536K,   0% used [0x05b80000, 0x05b80000, 0x05d00000)
 tenured generation   total 30676K, used 19571K [0x0a350000, 0x0c145000, 0x14e00000)
   the space 30676K,  63% used [0x0a350000, 0x0b66ce58, 0x0b66d000, 0x0c145000)
 Metaspace       used 8603K, capacity 8788K, committed 8960K, reserved 9600K
}
Event: 30.150 GC heap before
{Heap before GC invocations=31 (full 2):
 def new generation   total 13824K, used 12454K [0x04e00000, 0x05d00000, 0x0a350000)
  eden space 12288K, 100% used [0x04e00000, 0x05a00000, 0x05a00000)
  from space 1536K,  10% used [0x05a00000, 0x05a298f0, 0x05b80000)
  to   space 1536K,   0% used [0x05b80000, 0x05b80000, 0x05d00000)
 tenured generation   total 30676K, used 19571K [0x0a350000, 0x0c145000, 0x14e00000)
   the space 30676K,  63% used [0x0a350000, 0x0b66ce58, 0x0b66d000, 0x0c145000)
 Metaspace       used 8603K, capacity 8788K, committed 8960K, reserved 9600K
Event: 30.151 GC heap after
Heap after GC invocations=32 (full 2):
 def new generation   total 13824K, used 167K [0x04e00000, 0x05d00000, 0x0a350000)
  eden space 12288K,   0% used [0x04e00000, 0x04e00000, 0x05a00000)
  from space 1536K,  10% used [0x05b80000, 0x05ba9cb0, 0x05d00000)
  to   space 1536K,   0% used [0x05a00000, 0x05a00000, 0x05b80000)
 tenured generation   total 30676K, used 19571K [0x0a350000, 0x0c145000, 0x14e00000)
   the space 30676K,  63% used [0x0a350000, 0x0b66ce58, 0x0b66d000, 0x0c145000)
 Metaspace       used 8603K, capacity 8788K, committed 8960K, reserved 9600K
}
Event: 31.122 GC heap before
{Heap before GC invocations=32 (full 2):
 def new generation   total 13824K, used 12455K [0x04e00000, 0x05d00000, 0x0a350000)
  eden space 12288K, 100% used [0x04e00000, 0x05a00000, 0x05a00000)
  from space 1536K,  10% used [0x05b80000, 0x05ba9cb0, 0x05d00000)
  to   space 1536K,   0% used [0x05a00000, 0x05a00000, 0x05b80000)
 tenured generation   total 30676K, used 19571K [0x0a350000, 0x0c145000, 0x14e00000)
   the space 30676K,  63% used [0x0a350000, 0x0b66ce58, 0x0b66d000, 0x0c145000)
 Metaspace       used 8603K, capacity 8788K, committed 8960K, reserved 9600K
Event: 31.123 GC heap after
Heap after GC invocations=33 (full 2):
 def new generation   total 13824K, used 162K [0x04e00000, 0x05d00000, 0x0a350000)
  eden space 12288K,   0% used [0x04e00000, 0x04e00000, 0x05a00000)
  from space 1536K,  10% used [0x05a00000, 0x05a28b40, 0x05b80000)
  to   space 1536K,   0% used [0x05b80000, 0x05b80000, 0x05d00000)
 tenured generation   total 30676K, used 19571K [0x0a350000, 0x0c145000, 0x14e00000)
   the space 30676K,  63% used [0x0a350000, 0x0b66ce58, 0x0b66d000, 0x0c145000)
 Metaspace       used 8603K, capacity 8788K, committed 8960K, reserved 9600K
}

