# JRE version: Java(TM) SE Runtime Environment (8.0_45-b14) (build 1.8.0_45-b14)
# Java VM: Java HotSpot(TM) Client VM (25.45-b02 mixed mode windows-x86 )
Heap:
 def new generation   total 9920K, used 4159K [0x04a00000, 0x054c0000, 0x09f50000)
  eden space 8832K,  44% used [0x04a00000, 0x04dd3438, 0x052a0000)
  from space 1088K,  22% used [0x052a0000, 0x052dcb08, 0x053b0000)
  to   space 1088K,   0% used [0x053b0000, 0x053b0000, 0x054c0000)
 tenured generation   total 21940K, used 15911K [0x09f50000, 0x0b4bd000, 0x14a00000)
   the space 21940K,  72% used [0x09f50000, 0x0aed9e78, 0x0aeda000, 0x0b4bd000)
 Metaspace       used 7234K, capacity 7442K, committed 7552K, reserved 7552K
GC Heap History (10 events):
Event: 119.014 GC heap before
{Heap before GC invocations=112 (full 2):
 def new generation   total 9920K, used 8964K [0x04a00000, 0x054c0000, 0x09f50000)
  eden space 8832K, 100% used [0x04a00000, 0x052a0000, 0x052a0000)
  from space 1088K,  12% used [0x053b0000, 0x053d1318, 0x054c0000)
  to   space 1088K,   0% used [0x052a0000, 0x052a0000, 0x053b0000)
 tenured generation   total 21940K, used 15910K [0x09f50000, 0x0b4bd000, 0x14a00000)
   the space 21940K,  72% used [0x09f50000, 0x0aed9ad0, 0x0aed9c00, 0x0b4bd000)
 Metaspace       used 7234K, capacity 7442K, committed 7552K, reserved 7552K
Event: 119.017 GC heap after
Heap after GC invocations=113 (full 2):
 def new generation   total 9920K, used 162K [0x04a00000, 0x054c0000, 0x09f50000)
  eden space 8832K,   0% used [0x04a00000, 0x04a00000, 0x052a0000)
  from space 1088K,  14% used [0x052a0000, 0x052c8ae8, 0x053b0000)
  to   space 1088K,   0% used [0x053b0000, 0x053b0000, 0x054c0000)
 tenured generation   total 21940K, used 15910K [0x09f50000, 0x0b4bd000, 0x14a00000)
   the space 21940K,  72% used [0x09f50000, 0x0aed9b08, 0x0aed9c00, 0x0b4bd000)
 Metaspace       used 7234K, capacity 7442K, committed 7552K, reserved 7552K
}
Event: 121.170 GC heap before
{Heap before GC invocations=113 (full 2):
 def new generation   total 9920K, used 8994K [0x04a00000, 0x054c0000, 0x09f50000)
  eden space 8832K, 100% used [0x04a00000, 0x052a0000, 0x052a0000)
  from space 1088K,  14% used [0x052a0000, 0x052c8ae8, 0x053b0000)
  to   space 1088K,   0% used [0x053b0000, 0x053b0000, 0x054c0000)
 tenured generation   total 21940K, used 15910K [0x09f50000, 0x0b4bd000, 0x14a00000)
   the space 21940K,  72% used [0x09f50000, 0x0aed9b08, 0x0aed9c00, 0x0b4bd000)
 Metaspace       used 7234K, capacity 7442K, committed 7552K, reserved 7552K
Event: 121.173 GC heap after
Heap after GC invocations=114 (full 2):
 def new generation   total 9920K, used 231K [0x04a00000, 0x054c0000, 0x09f50000)
  eden space 8832K,   0% used [0x04a00000, 0x04a00000, 0x052a0000)
  from space 1088K,  21% used [0x053b0000, 0x053e9f80, 0x054c0000)
  to   space 1088K,   0% used [0x052a0000, 0x052a0000, 0x053b0000)
 tenured generation   total 21940K, used 15910K [0x09f50000, 0x0b4bd000, 0x14a00000)
   the space 21940K,  72% used [0x09f50000, 0x0aed9b08, 0x0aed9c00, 0x0b4bd000)
 Metaspace       used 7234K, capacity 7442K, committed 7552K, reserved 7552K
}
Event: 122.988 GC heap before
{Heap before GC invocations=114 (full 2):
 def new generation   total 9920K, used 9063K [0x04a00000, 0x054c0000, 0x09f50000)
  eden space 8832K, 100% used [0x04a00000, 0x052a0000, 0x052a0000)
  from space 1088K,  21% used [0x053b0000, 0x053e9f80, 0x054c0000)
  to   space 1088K,   0% used [0x052a0000, 0x052a0000, 0x053b0000)
 tenured generation   total 21940K, used 15910K [0x09f50000, 0x0b4bd000, 0x14a00000)
   the space 21940K,  72% used [0x09f50000, 0x0aed9b08, 0x0aed9c00, 0x0b4bd000)
 Metaspace       used 7234K, capacity 7442K, committed 7552K, reserved 7552K
Event: 122.990 GC heap after
Heap after GC invocations=115 (full 2):
 def new generation   total 9920K, used 242K [0x04a00000, 0x054c0000, 0x09f50000)
  eden space 8832K,   0% used [0x04a00000, 0x04a00000, 0x052a0000)
  from space 1088K,  22% used [0x052a0000, 0x052dcb08, 0x053b0000)
  to   space 1088K,   0% used [0x053b0000, 0x053b0000, 0x054c0000)
 tenured generation   total 21940K, used 15911K [0x09f50000, 0x0b4bd000, 0x14a00000)
   the space 21940K,  72% used [0x09f50000, 0x0aed9e78, 0x0aeda000, 0x0b4bd000)
 Metaspace       used 7234K, capacity 7442K, committed 7552K, reserved 7552K
}
Event: 125.487 GC heap before
{Heap before GC invocations=115 (full 2):
 def new generation   total 9920K, used 9074K [0x04a00000, 0x054c0000, 0x09f50000)
  eden space 8832K, 100% used [0x04a00000, 0x052a0000, 0x052a0000)
  from space 1088K,  22% used [0x052a0000, 0x052dcb08, 0x053b0000)
  to   space 1088K,   0% used [0x053b0000, 0x053b0000, 0x054c0000)
 tenured generation   total 21940K, used 15911K [0x09f50000, 0x0b4bd000, 0x14a00000)
   the space 21940K,  72% used [0x09f50000, 0x0aed9e78, 0x0aeda000, 0x0b4bd000)
 Metaspace       used 7234K, capacity 7442K, committed 7552K, reserved 7552K
Event: 125.492 GC heap after
Heap after GC invocations=116 (full 2):
 def new generation   total 9920K, used 242K [0x04a00000, 0x054c0000, 0x09f50000)
  eden space 8832K,   0% used [0x04a00000, 0x04a00000, 0x052a0000)
  from space 1088K,  22% used [0x053b0000, 0x053ecb08, 0x054c0000)
  to   space 1088K,   0% used [0x052a0000, 0x052a0000, 0x053b0000)
 tenured generation   total 21940K, used 15911K [0x09f50000, 0x0b4bd000, 0x14a00000)
   the space 21940K,  72% used [0x09f50000, 0x0aed9e78, 0x0aeda000, 0x0b4bd000)
 Metaspace       used 7234K, capacity 7442K, committed 7552K, reserved 7552K
}
Event: 127.240 GC heap before
{Heap before GC invocations=116 (full 2):
 def new generation   total 9920K, used 9074K [0x04a00000, 0x054c0000, 0x09f50000)
  eden space 8832K, 100% used [0x04a00000, 0x052a0000, 0x052a0000)
  from space 1088K,  22% used [0x053b0000, 0x053ecb08, 0x054c0000)
  to   space 1088K,   0% used [0x052a0000, 0x052a0000, 0x053b0000)
 tenured generation   total 21940K, used 15911K [0x09f50000, 0x0b4bd000, 0x14a00000)
   the space 21940K,  72% used [0x09f50000, 0x0aed9e78, 0x0aeda000, 0x0b4bd000)
 Metaspace       used 7234K, capacity 7442K, committed 7552K, reserved 7552K
Event: 127.243 GC heap after
Heap after GC invocations=117 (full 2):
 def new generation   total 9920K, used 242K [0x04a00000, 0x054c0000, 0x09f50000)
  eden space 8832K,   0% used [0x04a00000, 0x04a00000, 0x052a0000)
  from space 1088K,  22% used [0x052a0000, 0x052dcb08, 0x053b0000)
  to   space 1088K,   0% used [0x053b0000, 0x053b0000, 0x054c0000)
 tenured generation   total 21940K, used 15911K [0x09f50000, 0x0b4bd000, 0x14a00000)
   the space 21940K,  72% used [0x09f50000, 0x0aed9e78, 0x0aeda000, 0x0b4bd000)
 Metaspace       used 7234K, capacity 7442K, committed 7552K, reserved 7552K
}

