# JRE version: Java(TM) SE Runtime Environment (8.0_45-b14) (build 1.8.0_45-b14)
# Java VM: Java HotSpot(TM) Client VM (25.45-b02 mixed mode, sharing windows-x86 )
Heap:
 def new generation   total 9920K, used 6217K [0x04600000, 0x050c0000, 0x09b50000)
  eden space 8832K,  69% used [0x04600000, 0x04bff728, 0x04ea0000)
  from space 1088K,   6% used [0x04fb0000, 0x04fc2f40, 0x050c0000)
  to   space 1088K,   0% used [0x04ea0000, 0x04ea0000, 0x04fb0000)
 tenured generation   total 21892K, used 18784K [0x09b50000, 0x0b0b1000, 0x14600000)
   the space 21892K,  85% used [0x09b50000, 0x0ada8060, 0x0ada8200, 0x0b0b1000)
 Metaspace       used 1382K, capacity 2662K, committed 2752K, reserved 4480K
GC Heap History (10 events):
Event: 16.070 GC heap before
{Heap before GC invocations=18 (full 2):
 def new generation   total 9920K, used 8899K [0x04600000, 0x050c0000, 0x09b50000)
  eden space 8832K, 100% used [0x04600000, 0x04ea0000, 0x04ea0000)
  from space 1088K,   6% used [0x04ea0000, 0x04eb0fa0, 0x04fb0000)
  to   space 1088K,   0% used [0x04fb0000, 0x04fb0000, 0x050c0000)
 tenured generation   total 21892K, used 18759K [0x09b50000, 0x0b0b1000, 0x14600000)
   the space 21892K,  85% used [0x09b50000, 0x0ada1f78, 0x0ada2000, 0x0b0b1000)
 Metaspace       used 1382K, capacity 2662K, committed 2752K, reserved 4480K
Event: 16.071 GC heap after
Heap after GC invocations=19 (full 2):
 def new generation   total 9920K, used 55K [0x04600000, 0x050c0000, 0x09b50000)
  eden space 8832K,   0% used [0x04600000, 0x04600000, 0x04ea0000)
  from space 1088K,   5% used [0x04fb0000, 0x04fbde78, 0x050c0000)
  to   space 1088K,   0% used [0x04ea0000, 0x04ea0000, 0x04fb0000)
 tenured generation   total 21892K, used 18759K [0x09b50000, 0x0b0b1000, 0x14600000)
   the space 21892K,  85% used [0x09b50000, 0x0ada1f78, 0x0ada2000, 0x0b0b1000)
 Metaspace       used 1382K, capacity 2662K, committed 2752K, reserved 4480K
}
Event: 16.983 GC heap before
{Heap before GC invocations=19 (full 2):
 def new generation   total 9920K, used 8887K [0x04600000, 0x050c0000, 0x09b50000)
  eden space 8832K, 100% used [0x04600000, 0x04ea0000, 0x04ea0000)
  from space 1088K,   5% used [0x04fb0000, 0x04fbde78, 0x050c0000)
  to   space 1088K,   0% used [0x04ea0000, 0x04ea0000, 0x04fb0000)
 tenured generation   total 21892K, used 18759K [0x09b50000, 0x0b0b1000, 0x14600000)
   the space 21892K,  85% used [0x09b50000, 0x0ada1f78, 0x0ada2000, 0x0b0b1000)
 Metaspace       used 1382K, capacity 2662K, committed 2752K, reserved 4480K
Event: 16.984 GC heap after
Heap after GC invocations=20 (full 2):
 def new generation   total 9920K, used 55K [0x04600000, 0x050c0000, 0x09b50000)
  eden space 8832K,   0% used [0x04600000, 0x04600000, 0x04ea0000)
  from space 1088K,   5% used [0x04ea0000, 0x04eadd70, 0x04fb0000)
  to   space 1088K,   0% used [0x04fb0000, 0x04fb0000, 0x050c0000)
 tenured generation   total 21892K, used 18760K [0x09b50000, 0x0b0b1000, 0x14600000)
   the space 21892K,  85% used [0x09b50000, 0x0ada20b0, 0x0ada2200, 0x0b0b1000)
 Metaspace       used 1382K, capacity 2662K, committed 2752K, reserved 4480K
}
Event: 17.839 GC heap before
{Heap before GC invocations=20 (full 2):
 def new generation   total 9920K, used 8887K [0x04600000, 0x050c0000, 0x09b50000)
  eden space 8832K, 100% used [0x04600000, 0x04ea0000, 0x04ea0000)
  from space 1088K,   5% used [0x04ea0000, 0x04eadd70, 0x04fb0000)
  to   space 1088K,   0% used [0x04fb0000, 0x04fb0000, 0x050c0000)
 tenured generation   total 21892K, used 18760K [0x09b50000, 0x0b0b1000, 0x14600000)
   the space 21892K,  85% used [0x09b50000, 0x0ada20b0, 0x0ada2200, 0x0b0b1000)
 Metaspace       used 1382K, capacity 2662K, committed 2752K, reserved 4480K
Event: 17.840 GC heap after
Heap after GC invocations=21 (full 2):
 def new generation   total 9920K, used 62K [0x04600000, 0x050c0000, 0x09b50000)
  eden space 8832K,   0% used [0x04600000, 0x04600000, 0x04ea0000)
  from space 1088K,   5% used [0x04fb0000, 0x04fbfa20, 0x050c0000)
  to   space 1088K,   0% used [0x04ea0000, 0x04ea0000, 0x04fb0000)
 tenured generation   total 21892K, used 18761K [0x09b50000, 0x0b0b1000, 0x14600000)
   the space 21892K,  85% used [0x09b50000, 0x0ada2688, 0x0ada2800, 0x0b0b1000)
 Metaspace       used 1382K, capacity 2662K, committed 2752K, reserved 4480K
}
Event: 19.329 GC heap before
{Heap before GC invocations=21 (full 2):
 def new generation   total 9920K, used 8894K [0x04600000, 0x050c0000, 0x09b50000)
  eden space 8832K, 100% used [0x04600000, 0x04ea0000, 0x04ea0000)
  from space 1088K,   5% used [0x04fb0000, 0x04fbfa20, 0x050c0000)
  to   space 1088K,   0% used [0x04ea0000, 0x04ea0000, 0x04fb0000)
 tenured generation   total 21892K, used 18761K [0x09b50000, 0x0b0b1000, 0x14600000)
   the space 21892K,  85% used [0x09b50000, 0x0ada2688, 0x0ada2800, 0x0b0b1000)
 Metaspace       used 1382K, capacity 2662K, committed 2752K, reserved 4480K
Event: 19.331 GC heap after
Heap after GC invocations=22 (full 2):
 def new generation   total 9920K, used 208K [0x04600000, 0x050c0000, 0x09b50000)
  eden space 8832K,   0% used [0x04600000, 0x04600000, 0x04ea0000)
  from space 1088K,  19% used [0x04ea0000, 0x04ed4248, 0x04fb0000)
  to   space 1088K,   0% used [0x04fb0000, 0x04fb0000, 0x050c0000)
 tenured generation   total 21892K, used 18762K [0x09b50000, 0x0b0b1000, 0x14600000)
   the space 21892K,  85% used [0x09b50000, 0x0ada2970, 0x0ada2a00, 0x0b0b1000)
 Metaspace       used 1382K, capacity 2662K, committed 2752K, reserved 4480K
}
Event: 20.766 GC heap before
{Heap before GC invocations=22 (full 2):
 def new generation   total 9920K, used 9040K [0x04600000, 0x050c0000, 0x09b50000)
  eden space 8832K, 100% used [0x04600000, 0x04ea0000, 0x04ea0000)
  from space 1088K,  19% used [0x04ea0000, 0x04ed4248, 0x04fb0000)
  to   space 1088K,   0% used [0x04fb0000, 0x04fb0000, 0x050c0000)
 tenured generation   total 21892K, used 18762K [0x09b50000, 0x0b0b1000, 0x14600000)
   the space 21892K,  85% used [0x09b50000, 0x0ada2970, 0x0ada2a00, 0x0b0b1000)
 Metaspace       used 1382K, capacity 2662K, committed 2752K, reserved 4480K
Event: 20.767 GC heap after
Heap after GC invocations=23 (full 2):
 def new generation   total 9920K, used 75K [0x04600000, 0x050c0000, 0x09b50000)
  eden space 8832K,   0% used [0x04600000, 0x04600000, 0x04ea0000)
  from space 1088K,   6% used [0x04fb0000, 0x04fc2f40, 0x050c0000)
  to   space 1088K,   0% used [0x04ea0000, 0x04ea0000, 0x04fb0000)
 tenured generation   total 21892K, used 18784K [0x09b50000, 0x0b0b1000, 0x14600000)
   the space 21892K,  85% used [0x09b50000, 0x0ada8060, 0x0ada8200, 0x0b0b1000)
 Metaspace       used 1382K, capacity 2662K, committed 2752K, reserved 4480K
}

