# JRE version: Java(TM) SE Runtime Environment (8.0_45-b14) (build 1.8.0_45-b14)
# Java VM: Java HotSpot(TM) Client VM (25.45-b02 mixed mode, sharing windows-x86 )
Heap:
 def new generation   total 9920K, used 5068K [0x04600000, 0x050c0000, 0x09b50000)
  eden space 8832K,  53% used [0x04600000, 0x04aa1600, 0x04ea0000)
  from space 1088K,  30% used [0x04ea0000, 0x04ef1c08, 0x04fb0000)
  to   space 1088K,   0% used [0x04fb0000, 0x04fb0000, 0x050c0000)
 tenured generation   total 21964K, used 20859K [0x09b50000, 0x0b0c3000, 0x14600000)
   the space 21964K,  94% used [0x09b50000, 0x0afaedf0, 0x0afaee00, 0x0b0c3000)
 Metaspace       used 1463K, capacity 2733K, committed 2752K, reserved 4480K
GC Heap History (10 events):
Event: 1.706 GC heap before
{Heap before GC invocations=5 (full 2):
 def new generation   total 9920K, used 8832K [0x04600000, 0x050c0000, 0x09b50000)
  eden space 8832K, 100% used [0x04600000, 0x04ea0000, 0x04ea0000)
  from space 1088K,   0% used [0x04fb0000, 0x04fb01d0, 0x050c0000)
  to   space 1088K,   0% used [0x04ea0000, 0x04ea0000, 0x04fb0000)
 tenured generation   total 21964K, used 18802K [0x09b50000, 0x0b0c3000, 0x14600000)
   the space 21964K,  85% used [0x09b50000, 0x0adacbb0, 0x0adacc00, 0x0b0c3000)
 Metaspace       used 1447K, capacity 2733K, committed 2752K, reserved 4480K
Event: 1.711 GC heap after
Heap after GC invocations=6 (full 2):
 def new generation   total 9920K, used 1061K [0x04600000, 0x050c0000, 0x09b50000)
  eden space 8832K,   0% used [0x04600000, 0x04600000, 0x04ea0000)
  from space 1088K,  97% used [0x04ea0000, 0x04fa95c0, 0x04fb0000)
  to   space 1088K,   0% used [0x04fb0000, 0x04fb0000, 0x050c0000)
 tenured generation   total 21964K, used 18802K [0x09b50000, 0x0b0c3000, 0x14600000)
   the space 21964K,  85% used [0x09b50000, 0x0adacbb0, 0x0adacc00, 0x0b0c3000)
 Metaspace       used 1447K, capacity 2733K, committed 2752K, reserved 4480K
}
Event: 1.951 GC heap before
{Heap before GC invocations=6 (full 2):
 def new generation   total 9920K, used 9893K [0x04600000, 0x050c0000, 0x09b50000)
  eden space 8832K, 100% used [0x04600000, 0x04ea0000, 0x04ea0000)
  from space 1088K,  97% used [0x04ea0000, 0x04fa95c0, 0x04fb0000)
  to   space 1088K,   0% used [0x04fb0000, 0x04fb0000, 0x050c0000)
 tenured generation   total 21964K, used 18802K [0x09b50000, 0x0b0c3000, 0x14600000)
   the space 21964K,  85% used [0x09b50000, 0x0adacbb0, 0x0adacc00, 0x0b0c3000)
 Metaspace       used 1453K, capacity 2733K, committed 2752K, reserved 4480K
Event: 1.958 GC heap after
Heap after GC invocations=7 (full 2):
 def new generation   total 9920K, used 1088K [0x04600000, 0x050c0000, 0x09b50000)
  eden space 8832K,   0% used [0x04600000, 0x04600000, 0x04ea0000)
  from space 1088K, 100% used [0x04fb0000, 0x050c0000, 0x050c0000)
  to   space 1088K,   0% used [0x04ea0000, 0x04ea0000, 0x04fb0000)
 tenured generation   total 21964K, used 19806K [0x09b50000, 0x0b0c3000, 0x14600000)
   the space 21964K,  90% used [0x09b50000, 0x0aea7aa8, 0x0aea7c00, 0x0b0c3000)
 Metaspace       used 1453K, capacity 2733K, committed 2752K, reserved 4480K
}
Event: 2.876 GC heap before
{Heap before GC invocations=7 (full 2):
 def new generation   total 9920K, used 9920K [0x04600000, 0x050c0000, 0x09b50000)
  eden space 8832K, 100% used [0x04600000, 0x04ea0000, 0x04ea0000)
  from space 1088K, 100% used [0x04fb0000, 0x050c0000, 0x050c0000)
  to   space 1088K,   0% used [0x04ea0000, 0x04ea0000, 0x04fb0000)
 tenured generation   total 21964K, used 19806K [0x09b50000, 0x0b0c3000, 0x14600000)
   the space 21964K,  90% used [0x09b50000, 0x0aea7aa8, 0x0aea7c00, 0x0b0c3000)
 Metaspace       used 1454K, capacity 2733K, committed 2752K, reserved 4480K
Event: 2.880 GC heap after
Heap after GC invocations=8 (full 2):
 def new generation   total 9920K, used 422K [0x04600000, 0x050c0000, 0x09b50000)
  eden space 8832K,   0% used [0x04600000, 0x04600000, 0x04ea0000)
  from space 1088K,  38% used [0x04ea0000, 0x04f09900, 0x04fb0000)
  to   space 1088K,   0% used [0x04fb0000, 0x04fb0000, 0x050c0000)
 tenured generation   total 21964K, used 20859K [0x09b50000, 0x0b0c3000, 0x14600000)
   the space 21964K,  94% used [0x09b50000, 0x0afaedf0, 0x0afaee00, 0x0b0c3000)
 Metaspace       used 1454K, capacity 2733K, committed 2752K, reserved 4480K
}
Event: 4.342 GC heap before
{Heap before GC invocations=8 (full 2):
 def new generation   total 9920K, used 9254K [0x04600000, 0x050c0000, 0x09b50000)
  eden space 8832K, 100% used [0x04600000, 0x04ea0000, 0x04ea0000)
  from space 1088K,  38% used [0x04ea0000, 0x04f09900, 0x04fb0000)
  to   space 1088K,   0% used [0x04fb0000, 0x04fb0000, 0x050c0000)
 tenured generation   total 21964K, used 20859K [0x09b50000, 0x0b0c3000, 0x14600000)
   the space 21964K,  94% used [0x09b50000, 0x0afaedf0, 0x0afaee00, 0x0b0c3000)
 Metaspace       used 1456K, capacity 2733K, committed 2752K, reserved 4480K
Event: 4.344 GC heap after
Heap after GC invocations=9 (full 2):
 def new generation   total 9920K, used 421K [0x04600000, 0x050c0000, 0x09b50000)
  eden space 8832K,   0% used [0x04600000, 0x04600000, 0x04ea0000)
  from space 1088K,  38% used [0x04fb0000, 0x050195c8, 0x050c0000)
  to   space 1088K,   0% used [0x04ea0000, 0x04ea0000, 0x04fb0000)
 tenured generation   total 21964K, used 20859K [0x09b50000, 0x0b0c3000, 0x14600000)
   the space 21964K,  94% used [0x09b50000, 0x0afaedf0, 0x0afaee00, 0x0b0c3000)
 Metaspace       used 1456K, capacity 2733K, committed 2752K, reserved 4480K
}
Event: 5.761 GC heap before
{Heap before GC invocations=9 (full 2):
 def new generation   total 9920K, used 9253K [0x04600000, 0x050c0000, 0x09b50000)
  eden space 8832K, 100% used [0x04600000, 0x04ea0000, 0x04ea0000)
  from space 1088K,  38% used [0x04fb0000, 0x050195c8, 0x050c0000)
  to   space 1088K,   0% used [0x04ea0000, 0x04ea0000, 0x04fb0000)
 tenured generation   total 21964K, used 20859K [0x09b50000, 0x0b0c3000, 0x14600000)
   the space 21964K,  94% used [0x09b50000, 0x0afaedf0, 0x0afaee00, 0x0b0c3000)
 Metaspace       used 1463K, capacity 2733K, committed 2752K, reserved 4480K
Event: 5.763 GC heap after
Heap after GC invocations=10 (full 2):
 def new generation   total 9920K, used 327K [0x04600000, 0x050c0000, 0x09b50000)
  eden space 8832K,   0% used [0x04600000, 0x04600000, 0x04ea0000)
  from space 1088K,  30% used [0x04ea0000, 0x04ef1c08, 0x04fb0000)
  to   space 1088K,   0% used [0x04fb0000, 0x04fb0000, 0x050c0000)
 tenured generation   total 21964K, used 20859K [0x09b50000, 0x0b0c3000, 0x14600000)
   the space 21964K,  94% used [0x09b50000, 0x0afaedf0, 0x0afaee00, 0x0b0c3000)
 Metaspace       used 1463K, capacity 2733K, committed 2752K, reserved 4480K
}

